UID:1000|PATH:/home|DATE:2020-12-04|TIMESTAMP:17:15:42|ACCESSTYPE:2|ISACTIONDENIED:0|FINGERPRINT:c8d190d5845bfc26c490a44d7252ea8c|
UID:1000|PATH:/home/teo/Desktop/lab5/src_corpus/files/file_59.txt|DATE:2020-12-04|TIMESTAMP:17:15:42|ACCESSTYPE:0|ISACTIONDENIED:0|FINGERPRINT:d41d8cd98f00b204e9800998ecf8427e|
UID:1000|PATH:/home|DATE:2020-12-04|TIMESTAMP:17:15:42|ACCESSTYPE:2|ISACTIONDENIED:0|FINGERPRINT:30c3f83c33f462bc4ebe467de71483ab|
UID:1000|PATH:/home/teo/Desktop/lab5/src_corpus/files/file_58.txt|DATE:2020-12-04|TIMESTAMP:17:15:42|ACCESSTYPE:0|ISACTIONDENIED:0|FINGERPRINT:d41d8cd98f00b204e9800998ecf8427e|
UID:1000|PATH:/home|DATE:2020-12-04|TIMESTAMP:17:15:42|ACCESSTYPE:2|ISACTIONDENIED:0|FINGERPRINT:afbcea0f1f95f8961bbd61db21ef019d|
UID:1000|PATH:/home/teo/Desktop/lab5/src_corpus/files/file_57.txt|DATE:2020-12-04|TIMESTAMP:17:15:42|ACCESSTYPE:0|ISACTIONDENIED:0|FINGERPRINT:d41d8cd98f00b204e9800998ecf8427e|
UID:1000|PATH:/home|DATE:2020-12-04|TIMESTAMP:17:15:42|ACCESSTYPE:2|ISACTIONDENIED:0|FINGERPRINT:266abfc3516ec7d8aed908773d5ac86a|
UID:1000|PATH:/home/teo/Desktop/lab5/src_corpus/files/file_56.txt|DATE:2020-12-04|TIMESTAMP:17:15:42|ACCESSTYPE:0|ISACTIONDENIED:0|FINGERPRINT:d41d8cd98f00b204e9800998ecf8427e|
UID:1000|PATH:/home|DATE:2020-12-04|TIMESTAMP:17:15:42|ACCESSTYPE:2|ISACTIONDENIED:0|FINGERPRINT:b6f0577ea2f0c4a60d2388cc0448b3e4|
UID:1000|PATH:/home/teo/Desktop/lab5/src_corpus/files/file_55.txt|DATE:2020-12-04|TIMESTAMP:17:15:42|ACCESSTYPE:0|ISACTIONDENIED:0|FINGERPRINT:d41d8cd98f00b204e9800998ecf8427e|
UID:1000|PATH:/home|DATE:2020-12-04|TIMESTAMP:17:15:42|ACCESSTYPE:2|ISACTIONDENIED:0|FINGERPRINT:34cbfd41ec3eba3f1856529780660640|
UID:1000|PATH:/home/teo/Desktop/lab5/src_corpus/files/file_54.txt|DATE:2020-12-04|TIMESTAMP:17:15:42|ACCESSTYPE:0|ISACTIONDENIED:0|FINGERPRINT:d41d8cd98f00b204e9800998ecf8427e|
UID:1000|PATH:/home|DATE:2020-12-04|TIMESTAMP:17:15:42|ACCESSTYPE:2|ISACTIONDENIED:0|FINGERPRINT:55bf7410f7f901089d05516ddcfcad14|
UID:1000|PATH:/home/teo/Desktop/lab5/src_corpus/files/file_53.txt|DATE:2020-12-04|TIMESTAMP:17:15:42|ACCESSTYPE:0|ISACTIONDENIED:0|FINGERPRINT:d41d8cd98f00b204e9800998ecf8427e|
UID:1000|PATH:/home|DATE:2020-12-04|TIMESTAMP:17:15:42|ACCESSTYPE:2|ISACTIONDENIED:0|FINGERPRINT:320367a8e4f097e55ce54037570901fa|
UID:1000|PATH:/home/teo/Desktop/lab5/src_corpus/files/file_52.txt|DATE:2020-12-04|TIMESTAMP:17:15:42|ACCESSTYPE:0|ISACTIONDENIED:0|FINGERPRINT:d41d8cd98f00b204e9800998ecf8427e|
UID:1000|PATH:/home|DATE:2020-12-04|TIMESTAMP:17:15:42|ACCESSTYPE:2|ISACTIONDENIED:0|FINGERPRINT:4aa9b61453e572afa92586cf3c665238|
UID:1000|PATH:/home/teo/Desktop/lab5/src_corpus/files/file_51.txt|DATE:2020-12-04|TIMESTAMP:17:15:42|ACCESSTYPE:0|ISACTIONDENIED:0|FINGERPRINT:d41d8cd98f00b204e9800998ecf8427e|
UID:1000|PATH:/home|DATE:2020-12-04|TIMESTAMP:17:15:42|ACCESSTYPE:2|ISACTIONDENIED:0|FINGERPRINT:90f3d51a922c98e2635cf3f35643aac1|
UID:1000|PATH:/home/teo/Desktop/lab5/src_corpus/files/file_50.txt|DATE:2020-12-04|TIMESTAMP:17:15:42|ACCESSTYPE:0|ISACTIONDENIED:0|FINGERPRINT:d41d8cd98f00b204e9800998ecf8427e|
UID:1000|PATH:/home|DATE:2020-12-04|TIMESTAMP:17:15:42|ACCESSTYPE:2|ISACTIONDENIED:0|FINGERPRINT:3da6f05f6a07d66b7b77791942af7ce5|
UID:1000|PATH:/home/teo/Desktop/lab5/src_corpus/files/file_49.txt|DATE:2020-12-04|TIMESTAMP:17:15:42|ACCESSTYPE:0|ISACTIONDENIED:0|FINGERPRINT:d41d8cd98f00b204e9800998ecf8427e|
UID:1000|PATH:/home|DATE:2020-12-04|TIMESTAMP:17:15:42|ACCESSTYPE:2|ISACTIONDENIED:0|FINGERPRINT:a2b4dde52a520fdb9b69dd2542584d41|
UID:1000|PATH:/home/teo/Desktop/lab5/src_corpus/files/file_48.txt|DATE:2020-12-04|TIMESTAMP:17:15:42|ACCESSTYPE:0|ISACTIONDENIED:0|FINGERPRINT:d41d8cd98f00b204e9800998ecf8427e|
UID:1000|PATH:/home|DATE:2020-12-04|TIMESTAMP:17:15:42|ACCESSTYPE:2|ISACTIONDENIED:0|FINGERPRINT:af45b5da3be67b46869a45e1e57a979f|
UID:1000|PATH:/home/teo/Desktop/lab5/src_corpus/files/file_47.txt|DATE:2020-12-04|TIMESTAMP:17:15:42|ACCESSTYPE:0|ISACTIONDENIED:0|FINGERPRINT:d41d8cd98f00b204e9800998ecf8427e|
UID:1000|PATH:/home|DATE:2020-12-04|TIMESTAMP:17:15:42|ACCESSTYPE:2|ISACTIONDENIED:0|FINGERPRINT:5e5be33a89641e059a616e712a549b03|
UID:1000|PATH:/home/teo/Desktop/lab5/src_corpus/files/file_46.txt|DATE:2020-12-04|TIMESTAMP:17:15:42|ACCESSTYPE:0|ISACTIONDENIED:0|FINGERPRINT:d41d8cd98f00b204e9800998ecf8427e|
UID:1000|PATH:/home|DATE:2020-12-04|TIMESTAMP:17:15:42|ACCESSTYPE:2|ISACTIONDENIED:0|FINGERPRINT:8aa998c3c025088b28296d9fe82bc408|
UID:1000|PATH:/home/teo/Desktop/lab5/src_corpus/files/file_45.txt|DATE:2020-12-04|TIMESTAMP:17:15:42|ACCESSTYPE:0|ISACTIONDENIED:0|FINGERPRINT:d41d8cd98f00b204e9800998ecf8427e|
UID:1000|PATH:/home|DATE:2020-12-04|TIMESTAMP:17:15:42|ACCESSTYPE:2|ISACTIONDENIED:0|FINGERPRINT:61a2435bf643cf65bf09912f6af1179c|
UID:1000|PATH:/home/teo/Desktop/lab5/src_corpus/files/file_44.txt|DATE:2020-12-04|TIMESTAMP:17:15:42|ACCESSTYPE:0|ISACTIONDENIED:0|FINGERPRINT:d41d8cd98f00b204e9800998ecf8427e|
UID:1000|PATH:/home|DATE:2020-12-04|TIMESTAMP:17:15:42|ACCESSTYPE:2|ISACTIONDENIED:0|FINGERPRINT:c533ad73c09df845005a8d6ec5415830|
UID:1000|PATH:/home/teo/Desktop/lab5/src_corpus/files/file_43.txt|DATE:2020-12-04|TIMESTAMP:17:15:42|ACCESSTYPE:0|ISACTIONDENIED:0|FINGERPRINT:d41d8cd98f00b204e9800998ecf8427e|
UID:1000|PATH:/home|DATE:2020-12-04|TIMESTAMP:17:15:42|ACCESSTYPE:2|ISACTIONDENIED:0|FINGERPRINT:55702cb2d9bc78287c641a76349fcd4e|
UID:1000|PATH:/home/teo/Desktop/lab5/src_corpus/files/file_42.txt|DATE:2020-12-04|TIMESTAMP:17:15:42|ACCESSTYPE:0|ISACTIONDENIED:0|FINGERPRINT:d41d8cd98f00b204e9800998ecf8427e|
UID:1000|PATH:/home|DATE:2020-12-04|TIMESTAMP:17:15:42|ACCESSTYPE:2|ISACTIONDENIED:0|FINGERPRINT:9a3226e38df698ae3657ff4620c0700c|
UID:1000|PATH:/home/teo/Desktop/lab5/src_corpus/files/file_41.txt|DATE:2020-12-04|TIMESTAMP:17:15:42|ACCESSTYPE:0|ISACTIONDENIED:0|FINGERPRINT:d41d8cd98f00b204e9800998ecf8427e|
UID:1000|PATH:/home|DATE:2020-12-04|TIMESTAMP:17:15:42|ACCESSTYPE:2|ISACTIONDENIED:0|FINGERPRINT:335280d1d30bddabbe231b2cddd69797|
UID:1000|PATH:/home/teo/Desktop/lab5/src_corpus/files/file_40.txt|DATE:2020-12-04|TIMESTAMP:17:15:42|ACCESSTYPE:0|ISACTIONDENIED:0|FINGERPRINT:d41d8cd98f00b204e9800998ecf8427e|
UID:1000|PATH:/home|DATE:2020-12-04|TIMESTAMP:17:15:42|ACCESSTYPE:2|ISACTIONDENIED:0|FINGERPRINT:870f538243ce651e4c0d2be9a08766ba|
UID:1000|PATH:/home/teo/Desktop/lab5/src_corpus/files/file_39.txt|DATE:2020-12-04|TIMESTAMP:17:15:42|ACCESSTYPE:0|ISACTIONDENIED:0|FINGERPRINT:d41d8cd98f00b204e9800998ecf8427e|
UID:1000|PATH:/home|DATE:2020-12-04|TIMESTAMP:17:15:42|ACCESSTYPE:2|ISACTIONDENIED:0|FINGERPRINT:55f6fc26558ec068d60aa4de00662ca0|
UID:1000|PATH:/home/teo/Desktop/lab5/src_corpus/files/file_38.txt|DATE:2020-12-04|TIMESTAMP:17:15:42|ACCESSTYPE:0|ISACTIONDENIED:0|FINGERPRINT:d41d8cd98f00b204e9800998ecf8427e|
UID:1000|PATH:/home|DATE:2020-12-04|TIMESTAMP:17:15:42|ACCESSTYPE:2|ISACTIONDENIED:0|FINGERPRINT:26720ecfce6a6c0630b8c3e6ba109626|
UID:1000|PATH:/home/teo/Desktop/lab5/src_corpus/files/file_37.txt|DATE:2020-12-04|TIMESTAMP:17:15:42|ACCESSTYPE:0|ISACTIONDENIED:0|FINGERPRINT:d41d8cd98f00b204e9800998ecf8427e|
UID:1000|PATH:/home|DATE:2020-12-04|TIMESTAMP:17:15:42|ACCESSTYPE:2|ISACTIONDENIED:0|FINGERPRINT:a6b5a7089686d2f710d42a0650f39ee3|
UID:1000|PATH:/home/teo/Desktop/lab5/src_corpus/files/file_36.txt|DATE:2020-12-04|TIMESTAMP:17:15:42|ACCESSTYPE:0|ISACTIONDENIED:0|FINGERPRINT:d41d8cd98f00b204e9800998ecf8427e|
UID:1000|PATH:/home|DATE:2020-12-04|TIMESTAMP:17:15:42|ACCESSTYPE:2|ISACTIONDENIED:0|FINGERPRINT:fa9eecceed2ffda2f1ea6175d4930219|
UID:1000|PATH:/home/teo/Desktop/lab5/src_corpus/files/file_35.txt|DATE:2020-12-04|TIMESTAMP:17:15:42|ACCESSTYPE:0|ISACTIONDENIED:0|FINGERPRINT:d41d8cd98f00b204e9800998ecf8427e|
UID:1000|PATH:/home|DATE:2020-12-04|TIMESTAMP:17:15:42|ACCESSTYPE:2|ISACTIONDENIED:0|FINGERPRINT:5d2b79025580be989f9cf64d8a94cd74|
UID:1000|PATH:/home/teo/Desktop/lab5/src_corpus/files/file_34.txt|DATE:2020-12-04|TIMESTAMP:17:15:42|ACCESSTYPE:0|ISACTIONDENIED:0|FINGERPRINT:d41d8cd98f00b204e9800998ecf8427e|
UID:1000|PATH:/home|DATE:2020-12-04|TIMESTAMP:17:15:42|ACCESSTYPE:2|ISACTIONDENIED:0|FINGERPRINT:1f99114d0019e0b442f4b2f38ffef339|
UID:1000|PATH:/home/teo/Desktop/lab5/src_corpus/files/file_33.txt|DATE:2020-12-04|TIMESTAMP:17:15:42|ACCESSTYPE:0|ISACTIONDENIED:0|FINGERPRINT:d41d8cd98f00b204e9800998ecf8427e|
UID:1000|PATH:/home|DATE:2020-12-04|TIMESTAMP:17:15:42|ACCESSTYPE:2|ISACTIONDENIED:0|FINGERPRINT:879eff57755e0de08f990e4d3afbc5e4|
UID:1000|PATH:/home/teo/Desktop/lab5/src_corpus/files/file_32.txt|DATE:2020-12-04|TIMESTAMP:17:15:42|ACCESSTYPE:0|ISACTIONDENIED:0|FINGERPRINT:d41d8cd98f00b204e9800998ecf8427e|
UID:1000|PATH:/home|DATE:2020-12-04|TIMESTAMP:17:15:42|ACCESSTYPE:2|ISACTIONDENIED:0|FINGERPRINT:d861c8679f7fc3e87d02f44417ab2b60|
UID:1000|PATH:/home/teo/Desktop/lab5/src_corpus/files/file_31.txt|DATE:2020-12-04|TIMESTAMP:17:15:42|ACCESSTYPE:0|ISACTIONDENIED:0|FINGERPRINT:d41d8cd98f00b204e9800998ecf8427e|
UID:1000|PATH:/home|DATE:2020-12-04|TIMESTAMP:17:15:42|ACCESSTYPE:2|ISACTIONDENIED:0|FINGERPRINT:267aaddd0bd9bdab89f4deca715e0b13|
UID:1000|PATH:/home/teo/Desktop/lab5/src_corpus/files/file_30.txt|DATE:2020-12-04|TIMESTAMP:17:15:42|ACCESSTYPE:0|ISACTIONDENIED:0|FINGERPRINT:d41d8cd98f00b204e9800998ecf8427e|
UID:1000|PATH:/home|DATE:2020-12-04|TIMESTAMP:17:15:42|ACCESSTYPE:2|ISACTIONDENIED:0|FINGERPRINT:3e9413b8d4652545ae2bbc5b12705993|
UID:1000|PATH:/home/teo/Desktop/lab5/src_corpus/files/file_29.txt|DATE:2020-12-04|TIMESTAMP:17:15:42|ACCESSTYPE:0|ISACTIONDENIED:0|FINGERPRINT:d41d8cd98f00b204e9800998ecf8427e|
UID:1000|PATH:/home|DATE:2020-12-04|TIMESTAMP:17:15:42|ACCESSTYPE:2|ISACTIONDENIED:0|FINGERPRINT:9cbbb1f8500d88703be396e44aebf116|
UID:1000|PATH:/home/teo/Desktop/lab5/src_corpus/files/file_28.txt|DATE:2020-12-04|TIMESTAMP:17:15:42|ACCESSTYPE:0|ISACTIONDENIED:0|FINGERPRINT:d41d8cd98f00b204e9800998ecf8427e|
UID:1000|PATH:/home|DATE:2020-12-04|TIMESTAMP:17:15:42|ACCESSTYPE:2|ISACTIONDENIED:0|FINGERPRINT:7b6b5227eb0fd10fccab2cfb4285f34e|
UID:1000|PATH:/home/teo/Desktop/lab5/src_corpus/files/file_27.txt|DATE:2020-12-04|TIMESTAMP:17:15:42|ACCESSTYPE:0|ISACTIONDENIED:0|FINGERPRINT:d41d8cd98f00b204e9800998ecf8427e|
UID:1000|PATH:/home|DATE:2020-12-04|TIMESTAMP:17:15:42|ACCESSTYPE:2|ISACTIONDENIED:0|FINGERPRINT:0106f3a4c48551bec3060cbfc0f9136f|
UID:1000|PATH:/home/teo/Desktop/lab5/src_corpus/files/file_26.txt|DATE:2020-12-04|TIMESTAMP:17:15:42|ACCESSTYPE:0|ISACTIONDENIED:0|FINGERPRINT:d41d8cd98f00b204e9800998ecf8427e|
UID:1000|PATH:/home|DATE:2020-12-04|TIMESTAMP:17:15:42|ACCESSTYPE:2|ISACTIONDENIED:0|FINGERPRINT:b21caf0f33b63a070b6cfe9ed43639e8|
UID:1000|PATH:/home/teo/Desktop/lab5/src_corpus/files/file_25.txt|DATE:2020-12-04|TIMESTAMP:17:15:42|ACCESSTYPE:0|ISACTIONDENIED:0|FINGERPRINT:d41d8cd98f00b204e9800998ecf8427e|
UID:1000|PATH:/home|DATE:2020-12-04|TIMESTAMP:17:15:42|ACCESSTYPE:2|ISACTIONDENIED:0|FINGERPRINT:98f230a813f749427d2311f632716604|
UID:1000|PATH:/home/teo/Desktop/lab5/src_corpus/files/file_24.txt|DATE:2020-12-04|TIMESTAMP:17:15:42|ACCESSTYPE:0|ISACTIONDENIED:0|FINGERPRINT:d41d8cd98f00b204e9800998ecf8427e|
UID:1000|PATH:/home|DATE:2020-12-04|TIMESTAMP:17:15:42|ACCESSTYPE:2|ISACTIONDENIED:0|FINGERPRINT:74caf4799c1316e64eaf387db4d402f6|
UID:1000|PATH:/home/teo/Desktop/lab5/src_corpus/files/file_23.txt|DATE:2020-12-04|TIMESTAMP:17:15:42|ACCESSTYPE:0|ISACTIONDENIED:0|FINGERPRINT:d41d8cd98f00b204e9800998ecf8427e|
UID:1000|PATH:/home|DATE:2020-12-04|TIMESTAMP:17:15:42|ACCESSTYPE:2|ISACTIONDENIED:0|FINGERPRINT:f0ea9ba1a9082e29fdac1aea5815f940|
UID:1000|PATH:/home/teo/Desktop/lab5/src_corpus/files/file_22.txt|DATE:2020-12-04|TIMESTAMP:17:15:42|ACCESSTYPE:0|ISACTIONDENIED:0|FINGERPRINT:d41d8cd98f00b204e9800998ecf8427e|
UID:1000|PATH:/home|DATE:2020-12-04|TIMESTAMP:17:15:42|ACCESSTYPE:2|ISACTIONDENIED:0|FINGERPRINT:ff9075abb926ba68fa06860009943e04|
UID:1000|PATH:/home/teo/Desktop/lab5/src_corpus/files/file_21.txt|DATE:2020-12-04|TIMESTAMP:17:15:42|ACCESSTYPE:0|ISACTIONDENIED:0|FINGERPRINT:d41d8cd98f00b204e9800998ecf8427e|
UID:1000|PATH:/home|DATE:2020-12-04|TIMESTAMP:17:15:42|ACCESSTYPE:2|ISACTIONDENIED:0|FINGERPRINT:d9983735bca42a3806ff749e4c89ba9e|
UID:1000|PATH:/home/teo/Desktop/lab5/src_corpus/files/file_20.txt|DATE:2020-12-04|TIMESTAMP:17:15:42|ACCESSTYPE:0|ISACTIONDENIED:0|FINGERPRINT:d41d8cd98f00b204e9800998ecf8427e|
UID:1000|PATH:/home|DATE:2020-12-04|TIMESTAMP:17:15:42|ACCESSTYPE:2|ISACTIONDENIED:0|FINGERPRINT:054234f392e1add4798b3d13628c7b03|
UID:1000|PATH:/home/teo/Desktop/lab5/src_corpus/files/file_19.txt|DATE:2020-12-04|TIMESTAMP:17:15:42|ACCESSTYPE:0|ISACTIONDENIED:0|FINGERPRINT:d41d8cd98f00b204e9800998ecf8427e|
UID:1000|PATH:/home|DATE:2020-12-04|TIMESTAMP:17:15:42|ACCESSTYPE:2|ISACTIONDENIED:0|FINGERPRINT:e00c8c5f427707671b3d62601ebda04b|
UID:1000|PATH:/home/teo/Desktop/lab5/src_corpus/files/file_18.txt|DATE:2020-12-04|TIMESTAMP:17:15:42|ACCESSTYPE:0|ISACTIONDENIED:0|FINGERPRINT:d41d8cd98f00b204e9800998ecf8427e|
UID:1000|PATH:/home|DATE:2020-12-04|TIMESTAMP:17:15:42|ACCESSTYPE:2|ISACTIONDENIED:0|FINGERPRINT:9e3387998bc37a5aa985ce4cc0657a1c|
UID:1000|PATH:/home/teo/Desktop/lab5/src_corpus/files/file_17.txt|DATE:2020-12-04|TIMESTAMP:17:15:42|ACCESSTYPE:0|ISACTIONDENIED:0|FINGERPRINT:d41d8cd98f00b204e9800998ecf8427e|
UID:1000|PATH:/home|DATE:2020-12-04|TIMESTAMP:17:15:42|ACCESSTYPE:2|ISACTIONDENIED:0|FINGERPRINT:f33c2f61271131d939cfc84128af74fd|
UID:1000|PATH:/home/teo/Desktop/lab5/src_corpus/files/file_16.txt|DATE:2020-12-04|TIMESTAMP:17:15:42|ACCESSTYPE:0|ISACTIONDENIED:0|FINGERPRINT:d41d8cd98f00b204e9800998ecf8427e|
UID:1000|PATH:/home|DATE:2020-12-04|TIMESTAMP:17:15:42|ACCESSTYPE:2|ISACTIONDENIED:0|FINGERPRINT:030f3111b3988e65d6501529ba224ff3|
UID:1000|PATH:/home/teo/Desktop/lab5/src_corpus/files/file_15.txt|DATE:2020-12-04|TIMESTAMP:17:15:42|ACCESSTYPE:0|ISACTIONDENIED:0|FINGERPRINT:d41d8cd98f00b204e9800998ecf8427e|
UID:1000|PATH:/home|DATE:2020-12-04|TIMESTAMP:17:15:42|ACCESSTYPE:2|ISACTIONDENIED:0|FINGERPRINT:9d63fcec09ce2f67ecbee88c65b0211c|
UID:1000|PATH:/home/teo/Desktop/lab5/src_corpus/files/file_14.txt|DATE:2020-12-04|TIMESTAMP:17:15:42|ACCESSTYPE:0|ISACTIONDENIED:0|FINGERPRINT:d41d8cd98f00b204e9800998ecf8427e|
UID:1000|PATH:/home|DATE:2020-12-04|TIMESTAMP:17:15:42|ACCESSTYPE:2|ISACTIONDENIED:0|FINGERPRINT:7f759525daa4e3dcc9ee797f68ecb4cd|
UID:1000|PATH:/home/teo/Desktop/lab5/src_corpus/files/file_13.txt|DATE:2020-12-04|TIMESTAMP:17:15:42|ACCESSTYPE:0|ISACTIONDENIED:0|FINGERPRINT:d41d8cd98f00b204e9800998ecf8427e|
UID:1000|PATH:/home|DATE:2020-12-04|TIMESTAMP:17:15:42|ACCESSTYPE:2|ISACTIONDENIED:0|FINGERPRINT:dc4fea19046be12ad58bffd017a3f3e8|
UID:1000|PATH:/home/teo/Desktop/lab5/src_corpus/files/file_12.txt|DATE:2020-12-04|TIMESTAMP:17:15:42|ACCESSTYPE:0|ISACTIONDENIED:0|FINGERPRINT:d41d8cd98f00b204e9800998ecf8427e|
UID:1000|PATH:/home|DATE:2020-12-04|TIMESTAMP:17:15:42|ACCESSTYPE:2|ISACTIONDENIED:0|FINGERPRINT:7a3927b8cd2412b5670db110d4512e94|
UID:1000|PATH:/home/teo/Desktop/lab5/src_corpus/files/file_11.txt|DATE:2020-12-04|TIMESTAMP:17:15:42|ACCESSTYPE:0|ISACTIONDENIED:0|FINGERPRINT:d41d8cd98f00b204e9800998ecf8427e|
UID:1000|PATH:/home|DATE:2020-12-04|TIMESTAMP:17:15:42|ACCESSTYPE:2|ISACTIONDENIED:0|FINGERPRINT:8c46de5cf2d8fb8c71cd1b465c0f66c2|
UID:1000|PATH:/home/teo/Desktop/lab5/src_corpus/files/file_10.txt|DATE:2020-12-04|TIMESTAMP:17:15:42|ACCESSTYPE:0|ISACTIONDENIED:0|FINGERPRINT:d41d8cd98f00b204e9800998ecf8427e|
UID:1000|PATH:/home|DATE:2020-12-04|TIMESTAMP:17:15:42|ACCESSTYPE:2|ISACTIONDENIED:0|FINGERPRINT:707b8ef6066d2377162565a7aabb5c11|
UID:1000|PATH:/home/teo/Desktop/lab5/src_corpus/files/file_9.txt|DATE:2020-12-04|TIMESTAMP:17:15:42|ACCESSTYPE:0|ISACTIONDENIED:0|FINGERPRINT:d41d8cd98f00b204e9800998ecf8427e|
UID:1000|PATH:/home|DATE:2020-12-04|TIMESTAMP:17:15:42|ACCESSTYPE:2|ISACTIONDENIED:0|FINGERPRINT:6e91150148316739d1c61b228d643776|
UID:1000|PATH:/home/teo/Desktop/lab5/src_corpus/files/file_8.txt|DATE:2020-12-04|TIMESTAMP:17:15:42|ACCESSTYPE:0|ISACTIONDENIED:0|FINGERPRINT:d41d8cd98f00b204e9800998ecf8427e|
UID:1000|PATH:/home|DATE:2020-12-04|TIMESTAMP:17:15:42|ACCESSTYPE:2|ISACTIONDENIED:0|FINGERPRINT:a468780abc508b6f6f94e112545797e9|
UID:1000|PATH:/home/teo/Desktop/lab5/src_corpus/files/file_7.txt|DATE:2020-12-04|TIMESTAMP:17:15:42|ACCESSTYPE:0|ISACTIONDENIED:0|FINGERPRINT:d41d8cd98f00b204e9800998ecf8427e|
UID:1000|PATH:/home|DATE:2020-12-04|TIMESTAMP:17:15:42|ACCESSTYPE:2|ISACTIONDENIED:0|FINGERPRINT:e3957592f6bb1fa15c0753573f1421fc|
UID:1000|PATH:/home/teo/Desktop/lab5/src_corpus/files/file_6.txt|DATE:2020-12-04|TIMESTAMP:17:15:42|ACCESSTYPE:0|ISACTIONDENIED:0|FINGERPRINT:d41d8cd98f00b204e9800998ecf8427e|
UID:1000|PATH:/home|DATE:2020-12-04|TIMESTAMP:17:15:42|ACCESSTYPE:2|ISACTIONDENIED:0|FINGERPRINT:226326c97ad35cf9954ae3c39f5aa9b5|
UID:1000|PATH:/home/teo/Desktop/lab5/src_corpus/files/file_5.txt|DATE:2020-12-04|TIMESTAMP:17:15:42|ACCESSTYPE:0|ISACTIONDENIED:0|FINGERPRINT:d41d8cd98f00b204e9800998ecf8427e|
UID:1000|PATH:/home|DATE:2020-12-04|TIMESTAMP:17:15:42|ACCESSTYPE:2|ISACTIONDENIED:0|FINGERPRINT:2c60e4b7de9c2af93886a3e24a0865ba|
UID:1000|PATH:/home/teo/Desktop/lab5/src_corpus/files/file_4.txt|DATE:2020-12-04|TIMESTAMP:17:15:42|ACCESSTYPE:0|ISACTIONDENIED:0|FINGERPRINT:d41d8cd98f00b204e9800998ecf8427e|
UID:1000|PATH:/home|DATE:2020-12-04|TIMESTAMP:17:15:42|ACCESSTYPE:2|ISACTIONDENIED:0|FINGERPRINT:a86eaca88601687ad695fe85a6ffd8c1|
UID:1000|PATH:/home/teo/Desktop/lab5/src_corpus/files/file_3.txt|DATE:2020-12-04|TIMESTAMP:17:15:42|ACCESSTYPE:0|ISACTIONDENIED:0|FINGERPRINT:d41d8cd98f00b204e9800998ecf8427e|
UID:1000|PATH:/home|DATE:2020-12-04|TIMESTAMP:17:15:42|ACCESSTYPE:2|ISACTIONDENIED:0|FINGERPRINT:1424160f477c7b76dea4e1d0c38e7926|
UID:1000|PATH:/home/teo/Desktop/lab5/src_corpus/files/file_2.txt|DATE:2020-12-04|TIMESTAMP:17:15:42|ACCESSTYPE:0|ISACTIONDENIED:0|FINGERPRINT:d41d8cd98f00b204e9800998ecf8427e|
UID:1000|PATH:/home|DATE:2020-12-04|TIMESTAMP:17:15:42|ACCESSTYPE:2|ISACTIONDENIED:0|FINGERPRINT:218341c6d3e2bcfd2460b1dc6b3df582|
UID:1000|PATH:/home/teo/Desktop/lab5/src_corpus/files/file_1.txt|DATE:2020-12-04|TIMESTAMP:17:15:42|ACCESSTYPE:0|ISACTIONDENIED:0|FINGERPRINT:d41d8cd98f00b204e9800998ecf8427e|
UID:1000|PATH:/home|DATE:2020-12-04|TIMESTAMP:17:15:42|ACCESSTYPE:2|ISACTIONDENIED:0|FINGERPRINT:643b1f2f4a84dbc084dd975c225a9f0f|
UID:1000|PATH:/home/teo/Desktop/lab5/src_corpus/files/file_0.txt|DATE:2020-12-04|TIMESTAMP:17:15:42|ACCESSTYPE:0|ISACTIONDENIED:0|FINGERPRINT:d41d8cd98f00b204e9800998ecf8427e|
UID:1000|PATH:/home|DATE:2020-12-04|TIMESTAMP:17:15:42|ACCESSTYPE:2|ISACTIONDENIED:0|FINGERPRINT:4788be49bcbedb4f35dea94655954044|
UID:1000|PATH:/home/teo/Desktop/lab5/src_corpus/files/file_0.txt.encrypt|DATE:2020-12-04|TIMESTAMP:17:15:42|ACCESSTYPE:0|ISACTIONDENIED:0|FINGERPRINT:d41d8cd98f00b204e9800998ecf8427e|
UID:1000|PATH:/home|DATE:2020-12-04|TIMESTAMP:17:15:42|ACCESSTYPE:2|ISACTIONDENIED:0|FINGERPRINT:50fab60c3c2511e49ac6a2fab7358615|
UID:1000|PATH:/home/teo/Desktop/lab5/src_corpus/files/file_10.txt.encrypt|DATE:2020-12-04|TIMESTAMP:17:15:42|ACCESSTYPE:0|ISACTIONDENIED:0|FINGERPRINT:d41d8cd98f00b204e9800998ecf8427e|
UID:1000|PATH:/home|DATE:2020-12-04|TIMESTAMP:17:15:42|ACCESSTYPE:2|ISACTIONDENIED:0|FINGERPRINT:0df65a4372375771bf2e0141589ee023|
UID:1000|PATH:/home/teo/Desktop/lab5/src_corpus/files/file_11.txt.encrypt|DATE:2020-12-04|TIMESTAMP:17:15:42|ACCESSTYPE:0|ISACTIONDENIED:0|FINGERPRINT:d41d8cd98f00b204e9800998ecf8427e|
UID:1000|PATH:/home|DATE:2020-12-04|TIMESTAMP:17:15:42|ACCESSTYPE:2|ISACTIONDENIED:0|FINGERPRINT:3111ae45ef600cc4a6631b4ed8cd9145|
UID:1000|PATH:/home/teo/Desktop/lab5/src_corpus/files/file_12.txt.encrypt|DATE:2020-12-04|TIMESTAMP:17:15:42|ACCESSTYPE:0|ISACTIONDENIED:0|FINGERPRINT:d41d8cd98f00b204e9800998ecf8427e|
UID:1000|PATH:/home|DATE:2020-12-04|TIMESTAMP:17:15:42|ACCESSTYPE:2|ISACTIONDENIED:0|FINGERPRINT:a2eea1dfcc7690d7da5ddac7beae4d8d|
UID:1000|PATH:/home/teo/Desktop/lab5/src_corpus/files/file_13.txt.encrypt|DATE:2020-12-04|TIMESTAMP:17:15:42|ACCESSTYPE:0|ISACTIONDENIED:0|FINGERPRINT:d41d8cd98f00b204e9800998ecf8427e|
UID:1000|PATH:/home|DATE:2020-12-04|TIMESTAMP:17:15:42|ACCESSTYPE:2|ISACTIONDENIED:0|FINGERPRINT:8e2feaef5de92e77e9b9145280a8712e|
UID:1000|PATH:/home/teo/Desktop/lab5/src_corpus/files/file_14.txt.encrypt|DATE:2020-12-04|TIMESTAMP:17:15:42|ACCESSTYPE:0|ISACTIONDENIED:0|FINGERPRINT:d41d8cd98f00b204e9800998ecf8427e|
UID:1000|PATH:/home|DATE:2020-12-04|TIMESTAMP:17:15:42|ACCESSTYPE:2|ISACTIONDENIED:0|FINGERPRINT:771bcb1492dfd1094d55e4d757034c94|
UID:1000|PATH:/home/teo/Desktop/lab5/src_corpus/files/file_15.txt.encrypt|DATE:2020-12-04|TIMESTAMP:17:15:42|ACCESSTYPE:0|ISACTIONDENIED:0|FINGERPRINT:d41d8cd98f00b204e9800998ecf8427e|
UID:1000|PATH:/home|DATE:2020-12-04|TIMESTAMP:17:15:42|ACCESSTYPE:2|ISACTIONDENIED:0|FINGERPRINT:9a0da44f7daec90ab638e8a26e1def79|
UID:1000|PATH:/home/teo/Desktop/lab5/src_corpus/files/file_16.txt.encrypt|DATE:2020-12-04|TIMESTAMP:17:15:42|ACCESSTYPE:0|ISACTIONDENIED:0|FINGERPRINT:d41d8cd98f00b204e9800998ecf8427e|
UID:1000|PATH:/home|DATE:2020-12-04|TIMESTAMP:17:15:42|ACCESSTYPE:2|ISACTIONDENIED:0|FINGERPRINT:c46c01ddb23888e12cb1e229359d0463|
UID:1000|PATH:/home/teo/Desktop/lab5/src_corpus/files/file_17.txt.encrypt|DATE:2020-12-04|TIMESTAMP:17:15:42|ACCESSTYPE:0|ISACTIONDENIED:0|FINGERPRINT:d41d8cd98f00b204e9800998ecf8427e|
UID:1000|PATH:/home|DATE:2020-12-04|TIMESTAMP:17:15:42|ACCESSTYPE:2|ISACTIONDENIED:0|FINGERPRINT:46caebd69b1e935ac67f7ea1dd202798|
UID:1000|PATH:/home/teo/Desktop/lab5/src_corpus/files/file_18.txt.encrypt|DATE:2020-12-04|TIMESTAMP:17:15:42|ACCESSTYPE:0|ISACTIONDENIED:0|FINGERPRINT:d41d8cd98f00b204e9800998ecf8427e|
UID:1000|PATH:/home|DATE:2020-12-04|TIMESTAMP:17:15:42|ACCESSTYPE:2|ISACTIONDENIED:0|FINGERPRINT:9ccd0ec5fb7484a705a0d2c81ac505f6|
UID:1000|PATH:/home/teo/Desktop/lab5/src_corpus/files/file_19.txt.encrypt|DATE:2020-12-04|TIMESTAMP:17:15:42|ACCESSTYPE:0|ISACTIONDENIED:0|FINGERPRINT:d41d8cd98f00b204e9800998ecf8427e|
UID:1000|PATH:/home|DATE:2020-12-04|TIMESTAMP:17:15:42|ACCESSTYPE:2|ISACTIONDENIED:0|FINGERPRINT:2fc8a04c88d42906535ceb871ee8c143|
UID:1000|PATH:/home/teo/Desktop/lab5/src_corpus/files/file_1.txt.encrypt|DATE:2020-12-04|TIMESTAMP:17:15:42|ACCESSTYPE:0|ISACTIONDENIED:0|FINGERPRINT:d41d8cd98f00b204e9800998ecf8427e|
UID:1000|PATH:/home|DATE:2020-12-04|TIMESTAMP:17:15:42|ACCESSTYPE:2|ISACTIONDENIED:0|FINGERPRINT:34df53a9ceaaf2f4a8ddc26ee9279e62|
UID:1000|PATH:/home/teo/Desktop/lab5/src_corpus/files/file_20.txt.encrypt|DATE:2020-12-04|TIMESTAMP:17:15:42|ACCESSTYPE:0|ISACTIONDENIED:0|FINGERPRINT:d41d8cd98f00b204e9800998ecf8427e|
UID:1000|PATH:/home|DATE:2020-12-04|TIMESTAMP:17:15:42|ACCESSTYPE:2|ISACTIONDENIED:0|FINGERPRINT:57de3e854db8ae74c169971573786011|
UID:1000|PATH:/home/teo/Desktop/lab5/src_corpus/files/file_21.txt.encrypt|DATE:2020-12-04|TIMESTAMP:17:15:42|ACCESSTYPE:0|ISACTIONDENIED:0|FINGERPRINT:d41d8cd98f00b204e9800998ecf8427e|
UID:1000|PATH:/home|DATE:2020-12-04|TIMESTAMP:17:15:42|ACCESSTYPE:2|ISACTIONDENIED:0|FINGERPRINT:5fabdda13500beed102d8ccc3170a48f|
UID:1000|PATH:/home/teo/Desktop/lab5/src_corpus/files/file_22.txt.encrypt|DATE:2020-12-04|TIMESTAMP:17:15:42|ACCESSTYPE:0|ISACTIONDENIED:0|FINGERPRINT:d41d8cd98f00b204e9800998ecf8427e|
UID:1000|PATH:/home|DATE:2020-12-04|TIMESTAMP:17:15:42|ACCESSTYPE:2|ISACTIONDENIED:0|FINGERPRINT:1d19a8f0a57652e065e12a4c04a691f1|
UID:1000|PATH:/home/teo/Desktop/lab5/src_corpus/files/file_23.txt.encrypt|DATE:2020-12-04|TIMESTAMP:17:15:42|ACCESSTYPE:0|ISACTIONDENIED:0|FINGERPRINT:d41d8cd98f00b204e9800998ecf8427e|
UID:1000|PATH:/home|DATE:2020-12-04|TIMESTAMP:17:15:42|ACCESSTYPE:2|ISACTIONDENIED:0|FINGERPRINT:f698c14e0397935824b1e22d4f48d1ab|
UID:1000|PATH:/home/teo/Desktop/lab5/src_corpus/files/file_24.txt.encrypt|DATE:2020-12-04|TIMESTAMP:17:15:42|ACCESSTYPE:0|ISACTIONDENIED:0|FINGERPRINT:d41d8cd98f00b204e9800998ecf8427e|
UID:1000|PATH:/home|DATE:2020-12-04|TIMESTAMP:17:15:42|ACCESSTYPE:2|ISACTIONDENIED:0|FINGERPRINT:edf418ab56801da5d0d635354ed3413c|
UID:1000|PATH:/home/teo/Desktop/lab5/src_corpus/files/file_25.txt.encrypt|DATE:2020-12-04|TIMESTAMP:17:15:42|ACCESSTYPE:0|ISACTIONDENIED:0|FINGERPRINT:d41d8cd98f00b204e9800998ecf8427e|
UID:1000|PATH:/home|DATE:2020-12-04|TIMESTAMP:17:15:42|ACCESSTYPE:2|ISACTIONDENIED:0|FINGERPRINT:2489fa33b7e0054a6c22969ea64919bd|
UID:1000|PATH:/home/teo/Desktop/lab5/src_corpus/files/file_26.txt.encrypt|DATE:2020-12-04|TIMESTAMP:17:15:42|ACCESSTYPE:0|ISACTIONDENIED:0|FINGERPRINT:d41d8cd98f00b204e9800998ecf8427e|
UID:1000|PATH:/home|DATE:2020-12-04|TIMESTAMP:17:15:42|ACCESSTYPE:2|ISACTIONDENIED:0|FINGERPRINT:84b42984f56a4bdbe1513a15c904886c|
UID:1000|PATH:/home/teo/Desktop/lab5/src_corpus/files/file_27.txt.encrypt|DATE:2020-12-04|TIMESTAMP:17:15:42|ACCESSTYPE:0|ISACTIONDENIED:0|FINGERPRINT:d41d8cd98f00b204e9800998ecf8427e|
UID:1000|PATH:/home|DATE:2020-12-04|TIMESTAMP:17:15:42|ACCESSTYPE:2|ISACTIONDENIED:0|FINGERPRINT:17c7485eecd4bbbe47fc40349364fa0c|
UID:1000|PATH:/home/teo/Desktop/lab5/src_corpus/files/file_28.txt.encrypt|DATE:2020-12-04|TIMESTAMP:17:15:42|ACCESSTYPE:0|ISACTIONDENIED:0|FINGERPRINT:d41d8cd98f00b204e9800998ecf8427e|
UID:1000|PATH:/home|DATE:2020-12-04|TIMESTAMP:17:15:42|ACCESSTYPE:2|ISACTIONDENIED:0|FINGERPRINT:27ddcaf72e370d8e06702673399bea91|
UID:1000|PATH:/home/teo/Desktop/lab5/src_corpus/files/file_29.txt.encrypt|DATE:2020-12-04|TIMESTAMP:17:15:42|ACCESSTYPE:0|ISACTIONDENIED:0|FINGERPRINT:d41d8cd98f00b204e9800998ecf8427e|
UID:1000|PATH:/home|DATE:2020-12-04|TIMESTAMP:17:15:42|ACCESSTYPE:2|ISACTIONDENIED:0|FINGERPRINT:3be4ce4bc1d9ac3cb717a60bc569b310|
UID:1000|PATH:/home/teo/Desktop/lab5/src_corpus/files/file_2.txt.encrypt|DATE:2020-12-04|TIMESTAMP:17:15:42|ACCESSTYPE:0|ISACTIONDENIED:0|FINGERPRINT:d41d8cd98f00b204e9800998ecf8427e|
UID:1000|PATH:/home|DATE:2020-12-04|TIMESTAMP:17:15:42|ACCESSTYPE:2|ISACTIONDENIED:0|FINGERPRINT:6ff0100da6a0f8a99ad86006b642d4fb|
UID:1000|PATH:/home/teo/Desktop/lab5/src_corpus/files/file_30.txt.encrypt|DATE:2020-12-04|TIMESTAMP:17:15:42|ACCESSTYPE:0|ISACTIONDENIED:0|FINGERPRINT:d41d8cd98f00b204e9800998ecf8427e|
UID:1000|PATH:/home|DATE:2020-12-04|TIMESTAMP:17:15:42|ACCESSTYPE:2|ISACTIONDENIED:0|FINGERPRINT:72151c04610304e49723884fc3cbb678|
UID:1000|PATH:/home/teo/Desktop/lab5/src_corpus/files/file_31.txt.encrypt|DATE:2020-12-04|TIMESTAMP:17:15:42|ACCESSTYPE:0|ISACTIONDENIED:0|FINGERPRINT:d41d8cd98f00b204e9800998ecf8427e|
UID:1000|PATH:/home|DATE:2020-12-04|TIMESTAMP:17:15:42|ACCESSTYPE:2|ISACTIONDENIED:0|FINGERPRINT:3f5ca525366a97599e29d74b66e43679|
UID:1000|PATH:/home/teo/Desktop/lab5/src_corpus/files/file_32.txt.encrypt|DATE:2020-12-04|TIMESTAMP:17:15:42|ACCESSTYPE:0|ISACTIONDENIED:0|FINGERPRINT:d41d8cd98f00b204e9800998ecf8427e|
UID:1000|PATH:/home|DATE:2020-12-04|TIMESTAMP:17:15:42|ACCESSTYPE:2|ISACTIONDENIED:0|FINGERPRINT:a1bf423b87f080abd9b4ebb52bb4e7ff|
UID:1000|PATH:/home/teo/Desktop/lab5/src_corpus/files/file_33.txt.encrypt|DATE:2020-12-04|TIMESTAMP:17:15:42|ACCESSTYPE:0|ISACTIONDENIED:0|FINGERPRINT:d41d8cd98f00b204e9800998ecf8427e|
UID:1000|PATH:/home|DATE:2020-12-04|TIMESTAMP:17:15:42|ACCESSTYPE:2|ISACTIONDENIED:0|FINGERPRINT:1702c45ef94da9947c54771a615cbf15|
UID:1000|PATH:/home/teo/Desktop/lab5/src_corpus/files/file_34.txt.encrypt|DATE:2020-12-04|TIMESTAMP:17:15:42|ACCESSTYPE:0|ISACTIONDENIED:0|FINGERPRINT:d41d8cd98f00b204e9800998ecf8427e|
UID:1000|PATH:/home|DATE:2020-12-04|TIMESTAMP:17:15:42|ACCESSTYPE:2|ISACTIONDENIED:0|FINGERPRINT:794be9d43f2da45c8cc58e7eb8a5293d|
UID:1000|PATH:/home/teo/Desktop/lab5/src_corpus/files/file_35.txt.encrypt|DATE:2020-12-04|TIMESTAMP:17:15:42|ACCESSTYPE:0|ISACTIONDENIED:0|FINGERPRINT:d41d8cd98f00b204e9800998ecf8427e|
UID:1000|PATH:/home|DATE:2020-12-04|TIMESTAMP:17:15:42|ACCESSTYPE:2|ISACTIONDENIED:0|FINGERPRINT:8d2c2f1b65ff860d6a7be49f6aaa2150|
UID:1000|PATH:/home/teo/Desktop/lab5/src_corpus/files/file_36.txt.encrypt|DATE:2020-12-04|TIMESTAMP:17:15:42|ACCESSTYPE:0|ISACTIONDENIED:0|FINGERPRINT:d41d8cd98f00b204e9800998ecf8427e|
UID:1000|PATH:/home|DATE:2020-12-04|TIMESTAMP:17:15:42|ACCESSTYPE:2|ISACTIONDENIED:0|FINGERPRINT:0d268cb2d59e0a18ae393fba5caa5418|
UID:1000|PATH:/home/teo/Desktop/lab5/src_corpus/files/file_37.txt.encrypt|DATE:2020-12-04|TIMESTAMP:17:15:42|ACCESSTYPE:0|ISACTIONDENIED:0|FINGERPRINT:d41d8cd98f00b204e9800998ecf8427e|
UID:1000|PATH:/home|DATE:2020-12-04|TIMESTAMP:17:15:42|ACCESSTYPE:2|ISACTIONDENIED:0|FINGERPRINT:01cc59b4ef3f111f6b67719ea3852f70|
UID:1000|PATH:/home/teo/Desktop/lab5/src_corpus/files/file_38.txt.encrypt|DATE:2020-12-04|TIMESTAMP:17:15:42|ACCESSTYPE:0|ISACTIONDENIED:0|FINGERPRINT:d41d8cd98f00b204e9800998ecf8427e|
UID:1000|PATH:/home|DATE:2020-12-04|TIMESTAMP:17:15:42|ACCESSTYPE:2|ISACTIONDENIED:0|FINGERPRINT:a0a9df6d3ed2ac985595f04e309e4fb6|
UID:1000|PATH:/home/teo/Desktop/lab5/src_corpus/files/file_39.txt.encrypt|DATE:2020-12-04|TIMESTAMP:17:15:42|ACCESSTYPE:0|ISACTIONDENIED:0|FINGERPRINT:d41d8cd98f00b204e9800998ecf8427e|
UID:1000|PATH:/home|DATE:2020-12-04|TIMESTAMP:17:15:42|ACCESSTYPE:2|ISACTIONDENIED:0|FINGERPRINT:ff8ede2b09d83a1d92fb09b6d566d091|
UID:1000|PATH:/home/teo/Desktop/lab5/src_corpus/files/file_3.txt.encrypt|DATE:2020-12-04|TIMESTAMP:17:15:42|ACCESSTYPE:0|ISACTIONDENIED:0|FINGERPRINT:d41d8cd98f00b204e9800998ecf8427e|
UID:1000|PATH:/home|DATE:2020-12-04|TIMESTAMP:17:15:42|ACCESSTYPE:2|ISACTIONDENIED:0|FINGERPRINT:a8582d73f421500beb25ca921b9579c0|
UID:1000|PATH:/home/teo/Desktop/lab5/src_corpus/files/file_40.txt.encrypt|DATE:2020-12-04|TIMESTAMP:17:15:42|ACCESSTYPE:0|ISACTIONDENIED:0|FINGERPRINT:d41d8cd98f00b204e9800998ecf8427e|
UID:1000|PATH:/home|DATE:2020-12-04|TIMESTAMP:17:15:42|ACCESSTYPE:2|ISACTIONDENIED:0|FINGERPRINT:70a67f23086edf76a1bffaa472ebf461|
UID:1000|PATH:/home/teo/Desktop/lab5/src_corpus/files/file_41.txt.encrypt|DATE:2020-12-04|TIMESTAMP:17:15:42|ACCESSTYPE:0|ISACTIONDENIED:0|FINGERPRINT:d41d8cd98f00b204e9800998ecf8427e|
UID:1000|PATH:/home|DATE:2020-12-04|TIMESTAMP:17:15:42|ACCESSTYPE:2|ISACTIONDENIED:0|FINGERPRINT:ccf1d237cb0cbea1c4b70643360c169b|
UID:1000|PATH:/home/teo/Desktop/lab5/src_corpus/files/file_42.txt.encrypt|DATE:2020-12-04|TIMESTAMP:17:15:42|ACCESSTYPE:0|ISACTIONDENIED:0|FINGERPRINT:d41d8cd98f00b204e9800998ecf8427e|
UID:1000|PATH:/home|DATE:2020-12-04|TIMESTAMP:17:15:42|ACCESSTYPE:2|ISACTIONDENIED:0|FINGERPRINT:d604dc9410e670c14725a8344fe31a98|
UID:1000|PATH:/home/teo/Desktop/lab5/src_corpus/files/file_43.txt.encrypt|DATE:2020-12-04|TIMESTAMP:17:15:42|ACCESSTYPE:0|ISACTIONDENIED:0|FINGERPRINT:d41d8cd98f00b204e9800998ecf8427e|
UID:1000|PATH:/home|DATE:2020-12-04|TIMESTAMP:17:15:42|ACCESSTYPE:2|ISACTIONDENIED:0|FINGERPRINT:ce50652dcd38150078015955f0ae7f00|
UID:1000|PATH:/home/teo/Desktop/lab5/src_corpus/files/file_44.txt.encrypt|DATE:2020-12-04|TIMESTAMP:17:15:42|ACCESSTYPE:0|ISACTIONDENIED:0|FINGERPRINT:d41d8cd98f00b204e9800998ecf8427e|
UID:1000|PATH:/home|DATE:2020-12-04|TIMESTAMP:17:15:42|ACCESSTYPE:2|ISACTIONDENIED:0|FINGERPRINT:7417224b3e1ab13fa876b3d19c2c2254|
UID:1000|PATH:/home/teo/Desktop/lab5/src_corpus/files/file_45.txt.encrypt|DATE:2020-12-04|TIMESTAMP:17:15:42|ACCESSTYPE:0|ISACTIONDENIED:0|FINGERPRINT:d41d8cd98f00b204e9800998ecf8427e|
UID:1000|PATH:/home|DATE:2020-12-04|TIMESTAMP:17:15:42|ACCESSTYPE:2|ISACTIONDENIED:0|FINGERPRINT:bcf3f146be14aa1599a19b2b23eb4ec3|
UID:1000|PATH:/home/teo/Desktop/lab5/src_corpus/files/file_46.txt.encrypt|DATE:2020-12-04|TIMESTAMP:17:15:42|ACCESSTYPE:0|ISACTIONDENIED:0|FINGERPRINT:d41d8cd98f00b204e9800998ecf8427e|
UID:1000|PATH:/home|DATE:2020-12-04|TIMESTAMP:17:15:42|ACCESSTYPE:2|ISACTIONDENIED:0|FINGERPRINT:ab147e159d5a2608d8104e139d5ccd09|
UID:1000|PATH:/home/teo/Desktop/lab5/src_corpus/files/file_47.txt.encrypt|DATE:2020-12-04|TIMESTAMP:17:15:42|ACCESSTYPE:0|ISACTIONDENIED:0|FINGERPRINT:d41d8cd98f00b204e9800998ecf8427e|
UID:1000|PATH:/home|DATE:2020-12-04|TIMESTAMP:17:15:42|ACCESSTYPE:2|ISACTIONDENIED:0|FINGERPRINT:89c3fb88d026f64c95350aa411aa325e|
UID:1000|PATH:/home/teo/Desktop/lab5/src_corpus/files/file_48.txt.encrypt|DATE:2020-12-04|TIMESTAMP:17:15:42|ACCESSTYPE:0|ISACTIONDENIED:0|FINGERPRINT:d41d8cd98f00b204e9800998ecf8427e|
UID:1000|PATH:/home|DATE:2020-12-04|TIMESTAMP:17:15:42|ACCESSTYPE:2|ISACTIONDENIED:0|FINGERPRINT:71b63af939e88d8c9b977e270b89619c|
UID:1000|PATH:/home/teo/Desktop/lab5/src_corpus/files/file_49.txt.encrypt|DATE:2020-12-04|TIMESTAMP:17:15:42|ACCESSTYPE:0|ISACTIONDENIED:0|FINGERPRINT:d41d8cd98f00b204e9800998ecf8427e|
UID:1000|PATH:/home|DATE:2020-12-04|TIMESTAMP:17:15:42|ACCESSTYPE:2|ISACTIONDENIED:0|FINGERPRINT:fbb7df2930d4c846d0c8d8fc1b007aed|
UID:1000|PATH:/home/teo/Desktop/lab5/src_corpus/files/file_4.txt.encrypt|DATE:2020-12-04|TIMESTAMP:17:15:42|ACCESSTYPE:0|ISACTIONDENIED:0|FINGERPRINT:d41d8cd98f00b204e9800998ecf8427e|
UID:1000|PATH:/home|DATE:2020-12-04|TIMESTAMP:17:15:42|ACCESSTYPE:2|ISACTIONDENIED:0|FINGERPRINT:635440d1e0632bba7f5d4b8c37b63300|
UID:1000|PATH:/home/teo/Desktop/lab5/src_corpus/files/file_50.txt.encrypt|DATE:2020-12-04|TIMESTAMP:17:15:42|ACCESSTYPE:0|ISACTIONDENIED:0|FINGERPRINT:d41d8cd98f00b204e9800998ecf8427e|
UID:1000|PATH:/home|DATE:2020-12-04|TIMESTAMP:17:15:42|ACCESSTYPE:2|ISACTIONDENIED:0|FINGERPRINT:c1f98e06919c18ac5b247577b0373573|
UID:1000|PATH:/home/teo/Desktop/lab5/src_corpus/files/file_51.txt.encrypt|DATE:2020-12-04|TIMESTAMP:17:15:42|ACCESSTYPE:0|ISACTIONDENIED:0|FINGERPRINT:d41d8cd98f00b204e9800998ecf8427e|
UID:1000|PATH:/home|DATE:2020-12-04|TIMESTAMP:17:15:42|ACCESSTYPE:2|ISACTIONDENIED:0|FINGERPRINT:622fb17d3c0101748c8308108df16462|
UID:1000|PATH:/home/teo/Desktop/lab5/src_corpus/files/file_52.txt.encrypt|DATE:2020-12-04|TIMESTAMP:17:15:42|ACCESSTYPE:0|ISACTIONDENIED:0|FINGERPRINT:d41d8cd98f00b204e9800998ecf8427e|
UID:1000|PATH:/home|DATE:2020-12-04|TIMESTAMP:17:15:42|ACCESSTYPE:2|ISACTIONDENIED:0|FINGERPRINT:5c8c0a736e2fc5b816a08b47f674bd80|
UID:1000|PATH:/home/teo/Desktop/lab5/src_corpus/files/file_53.txt.encrypt|DATE:2020-12-04|TIMESTAMP:17:15:42|ACCESSTYPE:0|ISACTIONDENIED:0|FINGERPRINT:d41d8cd98f00b204e9800998ecf8427e|
UID:1000|PATH:/home|DATE:2020-12-04|TIMESTAMP:17:15:42|ACCESSTYPE:2|ISACTIONDENIED:0|FINGERPRINT:7d05cd48315b6f761d974de5e845a8fa|
UID:1000|PATH:/home/teo/Desktop/lab5/src_corpus/files/file_54.txt.encrypt|DATE:2020-12-04|TIMESTAMP:17:15:42|ACCESSTYPE:0|ISACTIONDENIED:0|FINGERPRINT:d41d8cd98f00b204e9800998ecf8427e|
UID:1000|PATH:/home|DATE:2020-12-04|TIMESTAMP:17:15:42|ACCESSTYPE:2|ISACTIONDENIED:0|FINGERPRINT:e6de5d25da106f3395bbc7d6a46e8510|
UID:1000|PATH:/home/teo/Desktop/lab5/src_corpus/files/file_55.txt.encrypt|DATE:2020-12-04|TIMESTAMP:17:15:42|ACCESSTYPE:0|ISACTIONDENIED:0|FINGERPRINT:d41d8cd98f00b204e9800998ecf8427e|
UID:1000|PATH:/home|DATE:2020-12-04|TIMESTAMP:17:15:42|ACCESSTYPE:2|ISACTIONDENIED:0|FINGERPRINT:c5e5abc935c33bfd5a4952df5d6bb569|
UID:1000|PATH:/home/teo/Desktop/lab5/src_corpus/files/file_56.txt.encrypt|DATE:2020-12-04|TIMESTAMP:17:15:42|ACCESSTYPE:0|ISACTIONDENIED:0|FINGERPRINT:d41d8cd98f00b204e9800998ecf8427e|
UID:1000|PATH:/home|DATE:2020-12-04|TIMESTAMP:17:15:42|ACCESSTYPE:2|ISACTIONDENIED:0|FINGERPRINT:3327a43b2b660a6b88385576eb8c4e4c|
UID:1000|PATH:/home/teo/Desktop/lab5/src_corpus/files/file_57.txt.encrypt|DATE:2020-12-04|TIMESTAMP:17:15:42|ACCESSTYPE:0|ISACTIONDENIED:0|FINGERPRINT:d41d8cd98f00b204e9800998ecf8427e|
UID:1000|PATH:/home|DATE:2020-12-04|TIMESTAMP:17:15:42|ACCESSTYPE:2|ISACTIONDENIED:0|FINGERPRINT:14031ee83cb600770521b48756194327|
UID:1000|PATH:/home/teo/Desktop/lab5/src_corpus/files/file_58.txt.encrypt|DATE:2020-12-04|TIMESTAMP:17:15:42|ACCESSTYPE:0|ISACTIONDENIED:0|FINGERPRINT:d41d8cd98f00b204e9800998ecf8427e|
UID:1000|PATH:/home|DATE:2020-12-04|TIMESTAMP:17:15:42|ACCESSTYPE:2|ISACTIONDENIED:0|FINGERPRINT:da6c4ed89537bbdbc149296e6099afdf|
UID:1000|PATH:/home/teo/Desktop/lab5/src_corpus/files/file_59.txt.encrypt|DATE:2020-12-04|TIMESTAMP:17:15:42|ACCESSTYPE:0|ISACTIONDENIED:0|FINGERPRINT:d41d8cd98f00b204e9800998ecf8427e|
UID:1000|PATH:/home|DATE:2020-12-04|TIMESTAMP:17:15:42|ACCESSTYPE:2|ISACTIONDENIED:0|FINGERPRINT:d4de6c3a324d648bf54e2095cbfebb9d|
UID:1000|PATH:/home/teo/Desktop/lab5/src_corpus/files/file_5.txt.encrypt|DATE:2020-12-04|TIMESTAMP:17:15:42|ACCESSTYPE:0|ISACTIONDENIED:0|FINGERPRINT:d41d8cd98f00b204e9800998ecf8427e|
UID:1000|PATH:/home|DATE:2020-12-04|TIMESTAMP:17:15:42|ACCESSTYPE:2|ISACTIONDENIED:0|FINGERPRINT:a96760f71019071c0340b122e891004d|
UID:1000|PATH:/home/teo/Desktop/lab5/src_corpus/files/file_6.txt.encrypt|DATE:2020-12-04|TIMESTAMP:17:15:42|ACCESSTYPE:0|ISACTIONDENIED:0|FINGERPRINT:d41d8cd98f00b204e9800998ecf8427e|
UID:1000|PATH:/home|DATE:2020-12-04|TIMESTAMP:17:15:42|ACCESSTYPE:2|ISACTIONDENIED:0|FINGERPRINT:ffb1332b9a6eadbc9cbaeed56859b64a|
UID:1000|PATH:/home/teo/Desktop/lab5/src_corpus/files/file_7.txt.encrypt|DATE:2020-12-04|TIMESTAMP:17:15:42|ACCESSTYPE:0|ISACTIONDENIED:0|FINGERPRINT:d41d8cd98f00b204e9800998ecf8427e|
UID:1000|PATH:/home|DATE:2020-12-04|TIMESTAMP:17:15:42|ACCESSTYPE:2|ISACTIONDENIED:0|FINGERPRINT:2ee98b318ea307c52d2a57cc9263199a|
UID:1000|PATH:/home/teo/Desktop/lab5/src_corpus/files/file_8.txt.encrypt|DATE:2020-12-04|TIMESTAMP:17:15:42|ACCESSTYPE:0|ISACTIONDENIED:0|FINGERPRINT:d41d8cd98f00b204e9800998ecf8427e|
UID:1000|PATH:/home|DATE:2020-12-04|TIMESTAMP:17:15:42|ACCESSTYPE:2|ISACTIONDENIED:0|FINGERPRINT:ed27b4cf5e730ed1ba3da7de61e0addb|
UID:1000|PATH:/home/teo/Desktop/lab5/src_corpus/files/file_9.txt.encrypt|DATE:2020-12-04|TIMESTAMP:17:15:42|ACCESSTYPE:0|ISACTIONDENIED:0|FINGERPRINT:d41d8cd98f00b204e9800998ecf8427e|
UID:1000|PATH:/home/teo/Desktop/lab5/src_corpus/files/file_20.txt|DATE:2020-12-04|TIMESTAMP:17:16:18|ACCESSTYPE:2|ISACTIONDENIED:1|FINGERPRINT:no changes|
UID:1000|PATH:/home/teo/Desktop/lab5/src_corpus/files/file_19.txt|DATE:2020-12-04|TIMESTAMP:17:16:18|ACCESSTYPE:2|ISACTIONDENIED:1|FINGERPRINT:no changes|
UID:1000|PATH:/home/teo/Desktop/lab5/src_corpus/files/file_18.txt|DATE:2020-12-04|TIMESTAMP:17:16:18|ACCESSTYPE:2|ISACTIONDENIED:1|FINGERPRINT:no changes|
UID:1000|PATH:/home/teo/Desktop/lab5/src_corpus/files/file_17.txt|DATE:2020-12-04|TIMESTAMP:17:16:18|ACCESSTYPE:2|ISACTIONDENIED:1|FINGERPRINT:no changes|
UID:1000|PATH:/home/teo/Desktop/lab5/src_corpus/files/file_16.txt|DATE:2020-12-04|TIMESTAMP:17:16:18|ACCESSTYPE:2|ISACTIONDENIED:1|FINGERPRINT:no changes|
UID:1000|PATH:/home/teo/Desktop/lab5/src_corpus/files/file_15.txt|DATE:2020-12-04|TIMESTAMP:17:16:18|ACCESSTYPE:2|ISACTIONDENIED:1|FINGERPRINT:no changes|
UID:1000|PATH:/home/teo/Desktop/lab5/src_corpus/files/file_14.txt|DATE:2020-12-04|TIMESTAMP:17:16:18|ACCESSTYPE:2|ISACTIONDENIED:1|FINGERPRINT:no changes|
UID:1000|PATH:/home/teo/Desktop/lab5/src_corpus/files/file_13.txt|DATE:2020-12-04|TIMESTAMP:17:16:18|ACCESSTYPE:2|ISACTIONDENIED:1|FINGERPRINT:no changes|
UID:1000|PATH:/home/teo/Desktop/lab5/src_corpus/files/file_12.txt|DATE:2020-12-04|TIMESTAMP:17:16:18|ACCESSTYPE:2|ISACTIONDENIED:1|FINGERPRINT:no changes|
UID:1000|PATH:/home/teo/Desktop/lab5/src_corpus/files/file_11.txt|DATE:2020-12-04|TIMESTAMP:17:16:18|ACCESSTYPE:2|ISACTIONDENIED:1|FINGERPRINT:no changes|
UID:1000|PATH:/home/teo/Desktop/lab5/src_corpus/files/file_10.txt|DATE:2020-12-04|TIMESTAMP:17:16:18|ACCESSTYPE:2|ISACTIONDENIED:1|FINGERPRINT:no changes|
UID:1000|PATH:/home/teo/Desktop/lab5/src_corpus/files/file_9.txt|DATE:2020-12-04|TIMESTAMP:17:16:18|ACCESSTYPE:2|ISACTIONDENIED:1|FINGERPRINT:no changes|
UID:1000|PATH:/home/teo/Desktop/lab5/src_corpus/files/file_8.txt|DATE:2020-12-04|TIMESTAMP:17:16:18|ACCESSTYPE:2|ISACTIONDENIED:1|FINGERPRINT:no changes|
UID:1000|PATH:/home/teo/Desktop/lab5/src_corpus/files/file_7.txt|DATE:2020-12-04|TIMESTAMP:17:16:18|ACCESSTYPE:2|ISACTIONDENIED:1|FINGERPRINT:no changes|
UID:1000|PATH:/home/teo/Desktop/lab5/src_corpus/files/file_6.txt|DATE:2020-12-04|TIMESTAMP:17:16:18|ACCESSTYPE:2|ISACTIONDENIED:1|FINGERPRINT:no changes|
UID:1000|PATH:/home/teo/Desktop/lab5/src_corpus/files/file_5.txt|DATE:2020-12-04|TIMESTAMP:17:16:18|ACCESSTYPE:2|ISACTIONDENIED:1|FINGERPRINT:no changes|
UID:1000|PATH:/home/teo/Desktop/lab5/src_corpus/files/file_4.txt|DATE:2020-12-04|TIMESTAMP:17:16:18|ACCESSTYPE:2|ISACTIONDENIED:1|FINGERPRINT:no changes|
UID:1000|PATH:/home/teo/Desktop/lab5/src_corpus/files/file_3.txt|DATE:2020-12-04|TIMESTAMP:17:16:18|ACCESSTYPE:2|ISACTIONDENIED:1|FINGERPRINT:no changes|
UID:1000|PATH:/home/teo/Desktop/lab5/src_corpus/files/file_2.txt|DATE:2020-12-04|TIMESTAMP:17:16:18|ACCESSTYPE:2|ISACTIONDENIED:1|FINGERPRINT:no changes|
UID:1000|PATH:/home/teo/Desktop/lab5/src_corpus/files/file_1.txt|DATE:2020-12-04|TIMESTAMP:17:16:18|ACCESSTYPE:2|ISACTIONDENIED:1|FINGERPRINT:no changes|
UID:1000|PATH:/home/teo/Desktop/lab5/src_corpus/files/file_0.txt|DATE:2020-12-04|TIMESTAMP:17:16:18|ACCESSTYPE:2|ISACTIONDENIED:1|FINGERPRINT:no changes|
UID:1000|PATH:/home/teo/Desktop/lab5/src_corpus/files/file_20.txt|DATE:2020-12-04|TIMESTAMP:17:16:18|ACCESSTYPE:2|ISACTIONDENIED:1|FINGERPRINT:no changes|
UID:1000|PATH:/home/teo/Desktop/lab5/src_corpus/files/file_19.txt|DATE:2020-12-04|TIMESTAMP:17:16:18|ACCESSTYPE:2|ISACTIONDENIED:1|FINGERPRINT:no changes|
UID:1000|PATH:/home/teo/Desktop/lab5/src_corpus/files/file_18.txt|DATE:2020-12-04|TIMESTAMP:17:16:18|ACCESSTYPE:2|ISACTIONDENIED:1|FINGERPRINT:no changes|
UID:1000|PATH:/home/teo/Desktop/lab5/src_corpus/files/file_17.txt|DATE:2020-12-04|TIMESTAMP:17:16:18|ACCESSTYPE:2|ISACTIONDENIED:1|FINGERPRINT:no changes|
UID:1000|PATH:/home/teo/Desktop/lab5/src_corpus/files/file_16.txt|DATE:2020-12-04|TIMESTAMP:17:16:18|ACCESSTYPE:2|ISACTIONDENIED:1|FINGERPRINT:no changes|
UID:1000|PATH:/home/teo/Desktop/lab5/src_corpus/files/file_15.txt|DATE:2020-12-04|TIMESTAMP:17:16:18|ACCESSTYPE:2|ISACTIONDENIED:1|FINGERPRINT:no changes|
UID:1000|PATH:/home/teo/Desktop/lab5/src_corpus/files/file_14.txt|DATE:2020-12-04|TIMESTAMP:17:16:18|ACCESSTYPE:2|ISACTIONDENIED:1|FINGERPRINT:no changes|
UID:1000|PATH:/home/teo/Desktop/lab5/src_corpus/files/file_13.txt|DATE:2020-12-04|TIMESTAMP:17:16:18|ACCESSTYPE:2|ISACTIONDENIED:1|FINGERPRINT:no changes|
UID:1000|PATH:/home/teo/Desktop/lab5/src_corpus/files/file_12.txt|DATE:2020-12-04|TIMESTAMP:17:16:18|ACCESSTYPE:2|ISACTIONDENIED:1|FINGERPRINT:no changes|
UID:1000|PATH:/home/teo/Desktop/lab5/src_corpus/files/file_11.txt|DATE:2020-12-04|TIMESTAMP:17:16:18|ACCESSTYPE:2|ISACTIONDENIED:1|FINGERPRINT:no changes|
UID:1000|PATH:/home/teo/Desktop/lab5/src_corpus/files/file_10.txt|DATE:2020-12-04|TIMESTAMP:17:16:18|ACCESSTYPE:2|ISACTIONDENIED:1|FINGERPRINT:no changes|
UID:1000|PATH:/home/teo/Desktop/lab5/src_corpus/files/file_9.txt|DATE:2020-12-04|TIMESTAMP:17:16:18|ACCESSTYPE:2|ISACTIONDENIED:1|FINGERPRINT:no changes|
UID:1000|PATH:/home/teo/Desktop/lab5/src_corpus/files/file_8.txt|DATE:2020-12-04|TIMESTAMP:17:16:18|ACCESSTYPE:2|ISACTIONDENIED:1|FINGERPRINT:no changes|
UID:1000|PATH:/home/teo/Desktop/lab5/src_corpus/files/file_7.txt|DATE:2020-12-04|TIMESTAMP:17:16:18|ACCESSTYPE:2|ISACTIONDENIED:1|FINGERPRINT:no changes|
UID:1000|PATH:/home/teo/Desktop/lab5/src_corpus/files/file_6.txt|DATE:2020-12-04|TIMESTAMP:17:16:18|ACCESSTYPE:2|ISACTIONDENIED:1|FINGERPRINT:no changes|
UID:1000|PATH:/home/teo/Desktop/lab5/src_corpus/files/file_5.txt|DATE:2020-12-04|TIMESTAMP:17:16:18|ACCESSTYPE:2|ISACTIONDENIED:1|FINGERPRINT:no changes|
UID:1000|PATH:/home/teo/Desktop/lab5/src_corpus/files/file_4.txt|DATE:2020-12-04|TIMESTAMP:17:16:18|ACCESSTYPE:2|ISACTIONDENIED:1|FINGERPRINT:no changes|
UID:1000|PATH:/home/teo/Desktop/lab5/src_corpus/files/file_3.txt|DATE:2020-12-04|TIMESTAMP:17:16:18|ACCESSTYPE:2|ISACTIONDENIED:1|FINGERPRINT:no changes|
UID:1000|PATH:/home/teo/Desktop/lab5/src_corpus/files/file_2.txt|DATE:2020-12-04|TIMESTAMP:17:16:18|ACCESSTYPE:2|ISACTIONDENIED:1|FINGERPRINT:no changes|
UID:1000|PATH:/home/teo/Desktop/lab5/src_corpus/files/file_1.txt|DATE:2020-12-04|TIMESTAMP:17:16:18|ACCESSTYPE:2|ISACTIONDENIED:1|FINGERPRINT:no changes|
UID:1000|PATH:/home/teo/Desktop/lab5/src_corpus/files/file_0.txt|DATE:2020-12-04|TIMESTAMP:17:16:18|ACCESSTYPE:2|ISACTIONDENIED:1|FINGERPRINT:no changes|
UID:1000|PATH:/home/teo/Desktop/lab5/src_corpus/files/file_20.txt|DATE:2020-12-04|TIMESTAMP:17:16:18|ACCESSTYPE:2|ISACTIONDENIED:1|FINGERPRINT:no changes|
UID:1000|PATH:/home/teo/Desktop/lab5/src_corpus/files/file_19.txt|DATE:2020-12-04|TIMESTAMP:17:16:18|ACCESSTYPE:2|ISACTIONDENIED:1|FINGERPRINT:no changes|
UID:1000|PATH:/home/teo/Desktop/lab5/src_corpus/files/file_18.txt|DATE:2020-12-04|TIMESTAMP:17:16:18|ACCESSTYPE:2|ISACTIONDENIED:1|FINGERPRINT:no changes|
UID:1000|PATH:/home/teo/Desktop/lab5/src_corpus/files/file_17.txt|DATE:2020-12-04|TIMESTAMP:17:16:18|ACCESSTYPE:2|ISACTIONDENIED:1|FINGERPRINT:no changes|
UID:1000|PATH:/home/teo/Desktop/lab5/src_corpus/files/file_16.txt|DATE:2020-12-04|TIMESTAMP:17:16:18|ACCESSTYPE:2|ISACTIONDENIED:1|FINGERPRINT:no changes|
UID:1000|PATH:/home/teo/Desktop/lab5/src_corpus/files/file_15.txt|DATE:2020-12-04|TIMESTAMP:17:16:18|ACCESSTYPE:2|ISACTIONDENIED:1|FINGERPRINT:no changes|
UID:1000|PATH:/home/teo/Desktop/lab5/src_corpus/files/file_14.txt|DATE:2020-12-04|TIMESTAMP:17:16:18|ACCESSTYPE:2|ISACTIONDENIED:1|FINGERPRINT:no changes|
UID:1000|PATH:/home/teo/Desktop/lab5/src_corpus/files/file_13.txt|DATE:2020-12-04|TIMESTAMP:17:16:18|ACCESSTYPE:2|ISACTIONDENIED:1|FINGERPRINT:no changes|
UID:1000|PATH:/home/teo/Desktop/lab5/src_corpus/files/file_12.txt|DATE:2020-12-04|TIMESTAMP:17:16:18|ACCESSTYPE:2|ISACTIONDENIED:1|FINGERPRINT:no changes|
UID:1000|PATH:/home/teo/Desktop/lab5/src_corpus/files/file_11.txt|DATE:2020-12-04|TIMESTAMP:17:16:18|ACCESSTYPE:2|ISACTIONDENIED:1|FINGERPRINT:no changes|
UID:1000|PATH:/home/teo/Desktop/lab5/src_corpus/files/file_10.txt|DATE:2020-12-04|TIMESTAMP:17:16:18|ACCESSTYPE:2|ISACTIONDENIED:1|FINGERPRINT:no changes|
UID:1000|PATH:/home/teo/Desktop/lab5/src_corpus/files/file_9.txt|DATE:2020-12-04|TIMESTAMP:17:16:18|ACCESSTYPE:2|ISACTIONDENIED:1|FINGERPRINT:no changes|
UID:1000|PATH:/home/teo/Desktop/lab5/src_corpus/files/file_8.txt|DATE:2020-12-04|TIMESTAMP:17:16:18|ACCESSTYPE:2|ISACTIONDENIED:1|FINGERPRINT:no changes|
UID:1000|PATH:/home/teo/Desktop/lab5/src_corpus/files/file_7.txt|DATE:2020-12-04|TIMESTAMP:17:16:18|ACCESSTYPE:2|ISACTIONDENIED:1|FINGERPRINT:no changes|
UID:1000|PATH:/home/teo/Desktop/lab5/src_corpus/files/file_6.txt|DATE:2020-12-04|TIMESTAMP:17:16:18|ACCESSTYPE:2|ISACTIONDENIED:1|FINGERPRINT:no changes|
UID:1000|PATH:/home/teo/Desktop/lab5/src_corpus/files/file_5.txt|DATE:2020-12-04|TIMESTAMP:17:16:18|ACCESSTYPE:2|ISACTIONDENIED:1|FINGERPRINT:no changes|
UID:1000|PATH:/home/teo/Desktop/lab5/src_corpus/files/file_4.txt|DATE:2020-12-04|TIMESTAMP:17:16:18|ACCESSTYPE:2|ISACTIONDENIED:1|FINGERPRINT:no changes|
UID:1000|PATH:/home/teo/Desktop/lab5/src_corpus/files/file_3.txt|DATE:2020-12-04|TIMESTAMP:17:16:18|ACCESSTYPE:2|ISACTIONDENIED:1|FINGERPRINT:no changes|
UID:1000|PATH:/home/teo/Desktop/lab5/src_corpus/files/file_2.txt|DATE:2020-12-04|TIMESTAMP:17:16:18|ACCESSTYPE:2|ISACTIONDENIED:1|FINGERPRINT:no changes|
UID:1000|PATH:/home/teo/Desktop/lab5/src_corpus/files/file_1.txt|DATE:2020-12-04|TIMESTAMP:17:16:18|ACCESSTYPE:2|ISACTIONDENIED:1|FINGERPRINT:no changes|
UID:1000|PATH:/home/teo/Desktop/lab5/src_corpus/files/file_0.txt|DATE:2020-12-04|TIMESTAMP:17:16:18|ACCESSTYPE:2|ISACTIONDENIED:1|FINGERPRINT:no changes|
UID:1000|PATH:/home|DATE:2020-12-04|TIMESTAMP:17:16:18|ACCESSTYPE:2|ISACTIONDENIED:0|FINGERPRINT:a2a5bb0f1f0a8eb31a3c60a6ad28543f|
UID:1000|PATH:/home/teo/Desktop/lab5/src_corpus/files/file_9.txt|DATE:2020-12-04|TIMESTAMP:17:16:18|ACCESSTYPE:2|ISACTIONDENIED:0|FINGERPRINT:3d5bc884d137ccd86a25f978a7800818|
UID:1000|PATH:/home|DATE:2020-12-04|TIMESTAMP:17:16:18|ACCESSTYPE:2|ISACTIONDENIED:0|FINGERPRINT:3d5bc884d137ccd86a25f978a7800818|
UID:1000|PATH:/home/teo/Desktop/lab5/src_corpus/files/file_9.txt|DATE:2020-12-04|TIMESTAMP:17:16:18|ACCESSTYPE:2|ISACTIONDENIED:0|FINGERPRINT:b252d37ad6eb57bc4c866bc135cce6d9|
UID:1000|PATH:/home|DATE:2020-12-04|TIMESTAMP:17:16:18|ACCESSTYPE:2|ISACTIONDENIED:0|FINGERPRINT:b252d37ad6eb57bc4c866bc135cce6d9|
UID:1000|PATH:/home/teo/Desktop/lab5/src_corpus/files/file_9.txt|DATE:2020-12-04|TIMESTAMP:17:16:18|ACCESSTYPE:2|ISACTIONDENIED:0|FINGERPRINT:5b39227d810163bd011d798a131eb603|
UID:1000|PATH:/home|DATE:2020-12-04|TIMESTAMP:17:16:18|ACCESSTYPE:2|ISACTIONDENIED:0|FINGERPRINT:5b39227d810163bd011d798a131eb603|
UID:1000|PATH:/home/teo/Desktop/lab5/src_corpus/files/file_9.txt|DATE:2020-12-04|TIMESTAMP:17:16:18|ACCESSTYPE:2|ISACTIONDENIED:0|FINGERPRINT:2f2c09c2e2f5d90225d271bd431b9b94|
UID:1000|PATH:/home|DATE:2020-12-04|TIMESTAMP:17:16:18|ACCESSTYPE:2|ISACTIONDENIED:0|FINGERPRINT:2f2c09c2e2f5d90225d271bd431b9b94|
UID:1000|PATH:/home/teo/Desktop/lab5/src_corpus/files/file_9.txt|DATE:2020-12-04|TIMESTAMP:17:16:18|ACCESSTYPE:2|ISACTIONDENIED:0|FINGERPRINT:64321e9c7da09049fe84bd0613726226|
UID:1000|PATH:/home|DATE:2020-12-04|TIMESTAMP:17:16:18|ACCESSTYPE:2|ISACTIONDENIED:0|FINGERPRINT:64321e9c7da09049fe84bd0613726226|
UID:1000|PATH:/home/teo/Desktop/lab5/src_corpus/files/file_9.txt|DATE:2020-12-04|TIMESTAMP:17:16:18|ACCESSTYPE:2|ISACTIONDENIED:0|FINGERPRINT:1461a38b872613aa02dbc798423cce11|
UID:1000|PATH:/home|DATE:2020-12-04|TIMESTAMP:17:16:18|ACCESSTYPE:2|ISACTIONDENIED:0|FINGERPRINT:1461a38b872613aa02dbc798423cce11|
UID:1000|PATH:/home/teo/Desktop/lab5/src_corpus/files/file_9.txt|DATE:2020-12-04|TIMESTAMP:17:16:18|ACCESSTYPE:2|ISACTIONDENIED:0|FINGERPRINT:7e92d9d62a1287cc540f3a4c6516c6ea|
UID:1000|PATH:/home|DATE:2020-12-04|TIMESTAMP:17:16:18|ACCESSTYPE:2|ISACTIONDENIED:0|FINGERPRINT:7e92d9d62a1287cc540f3a4c6516c6ea|
UID:1000|PATH:/home/teo/Desktop/lab5/src_corpus/files/file_9.txt|DATE:2020-12-04|TIMESTAMP:17:16:18|ACCESSTYPE:2|ISACTIONDENIED:0|FINGERPRINT:203768ce527e10bf6e6874d1fbf25dc6|
UID:1000|PATH:/home|DATE:2020-12-04|TIMESTAMP:17:16:18|ACCESSTYPE:2|ISACTIONDENIED:0|FINGERPRINT:203768ce527e10bf6e6874d1fbf25dc6|
UID:1000|PATH:/home/teo/Desktop/lab5/src_corpus/files/file_9.txt|DATE:2020-12-04|TIMESTAMP:17:16:18|ACCESSTYPE:2|ISACTIONDENIED:0|FINGERPRINT:4df019b7bb2ba1e54ed725a85be04261|
UID:1000|PATH:/home|DATE:2020-12-04|TIMESTAMP:17:16:18|ACCESSTYPE:2|ISACTIONDENIED:0|FINGERPRINT:4df019b7bb2ba1e54ed725a85be04261|
UID:1000|PATH:/home/teo/Desktop/lab5/src_corpus/files/file_9.txt|DATE:2020-12-04|TIMESTAMP:17:16:18|ACCESSTYPE:2|ISACTIONDENIED:0|FINGERPRINT:e201927c77f2c0a3e0c3950ae931b6e6|
UID:1000|PATH:/home|DATE:2020-12-04|TIMESTAMP:17:16:18|ACCESSTYPE:2|ISACTIONDENIED:0|FINGERPRINT:e201927c77f2c0a3e0c3950ae931b6e6|
UID:1000|PATH:/home/teo/Desktop/lab5/src_corpus/files/file_9.txt|DATE:2020-12-04|TIMESTAMP:17:16:18|ACCESSTYPE:2|ISACTIONDENIED:0|FINGERPRINT:3135bf07e7aa0e72fbde14d0411ca6de|
UID:1000|PATH:/home|DATE:2020-12-04|TIMESTAMP:17:16:18|ACCESSTYPE:2|ISACTIONDENIED:0|FINGERPRINT:3135bf07e7aa0e72fbde14d0411ca6de|
UID:1000|PATH:/home/teo/Desktop/lab5/src_corpus/files/file_9.txt|DATE:2020-12-04|TIMESTAMP:17:16:18|ACCESSTYPE:2|ISACTIONDENIED:0|FINGERPRINT:b93d9b41abd4ab965ea782b4be302a12|
UID:1000|PATH:/home|DATE:2020-12-04|TIMESTAMP:17:16:18|ACCESSTYPE:2|ISACTIONDENIED:0|FINGERPRINT:b93d9b41abd4ab965ea782b4be302a12|
UID:1000|PATH:/home/teo/Desktop/lab5/src_corpus/files/file_9.txt|DATE:2020-12-04|TIMESTAMP:17:16:18|ACCESSTYPE:2|ISACTIONDENIED:0|FINGERPRINT:b5d466335d65b171b686700dee05ef74|
UID:1000|PATH:/home|DATE:2020-12-04|TIMESTAMP:17:16:18|ACCESSTYPE:2|ISACTIONDENIED:0|FINGERPRINT:b5d466335d65b171b686700dee05ef74|
UID:1000|PATH:/home/teo/Desktop/lab5/src_corpus/files/file_9.txt|DATE:2020-12-04|TIMESTAMP:17:16:18|ACCESSTYPE:2|ISACTIONDENIED:0|FINGERPRINT:3189de1ff1f8afed0f70e352dfcd2abb|
UID:1000|PATH:/home|DATE:2020-12-04|TIMESTAMP:17:16:18|ACCESSTYPE:2|ISACTIONDENIED:0|FINGERPRINT:3189de1ff1f8afed0f70e352dfcd2abb|
UID:1000|PATH:/home/teo/Desktop/lab5/src_corpus/files/file_9.txt|DATE:2020-12-04|TIMESTAMP:17:16:18|ACCESSTYPE:2|ISACTIONDENIED:0|FINGERPRINT:67130d31b6048171a64ed87d36022a6e|
UID:1000|PATH:/home|DATE:2020-12-04|TIMESTAMP:17:16:18|ACCESSTYPE:2|ISACTIONDENIED:0|FINGERPRINT:67130d31b6048171a64ed87d36022a6e|
UID:1000|PATH:/home/teo/Desktop/lab5/src_corpus/files/file_9.txt|DATE:2020-12-04|TIMESTAMP:17:16:18|ACCESSTYPE:2|ISACTIONDENIED:0|FINGERPRINT:b79abf5c5f2244956c7246e9112595ce|
UID:1000|PATH:/home|DATE:2020-12-04|TIMESTAMP:17:16:18|ACCESSTYPE:2|ISACTIONDENIED:0|FINGERPRINT:b79abf5c5f2244956c7246e9112595ce|
UID:1000|PATH:/home/teo/Desktop/lab5/src_corpus/files/file_9.txt|DATE:2020-12-04|TIMESTAMP:17:16:18|ACCESSTYPE:2|ISACTIONDENIED:0|FINGERPRINT:1ef5e829303a139ce967440e0cdca10c|
UID:1000|PATH:/home|DATE:2020-12-04|TIMESTAMP:17:16:18|ACCESSTYPE:2|ISACTIONDENIED:0|FINGERPRINT:1ef5e829303a139ce967440e0cdca10c|
UID:1000|PATH:/home/teo/Desktop/lab5/src_corpus/files/file_9.txt|DATE:2020-12-04|TIMESTAMP:17:16:18|ACCESSTYPE:2|ISACTIONDENIED:0|FINGERPRINT:469aa816010c9c8639a9176f625189af|
UID:1000|PATH:/home|DATE:2020-12-04|TIMESTAMP:17:16:18|ACCESSTYPE:2|ISACTIONDENIED:0|FINGERPRINT:469aa816010c9c8639a9176f625189af|
UID:1000|PATH:/home/teo/Desktop/lab5/src_corpus/files/file_9.txt|DATE:2020-12-04|TIMESTAMP:17:16:18|ACCESSTYPE:2|ISACTIONDENIED:0|FINGERPRINT:002d5910de023eddce8358edf169c07f|
UID:1000|PATH:/home|DATE:2020-12-04|TIMESTAMP:17:16:18|ACCESSTYPE:2|ISACTIONDENIED:0|FINGERPRINT:002d5910de023eddce8358edf169c07f|
UID:1000|PATH:/home/teo/Desktop/lab5/src_corpus/files/file_9.txt|DATE:2020-12-04|TIMESTAMP:17:16:18|ACCESSTYPE:2|ISACTIONDENIED:0|FINGERPRINT:a396c59a96af3b36d364448c7b687fb1|
UID:1000|PATH:/home|DATE:2020-12-04|TIMESTAMP:17:16:18|ACCESSTYPE:2|ISACTIONDENIED:0|FINGERPRINT:a396c59a96af3b36d364448c7b687fb1|
UID:1000|PATH:/home/teo/Desktop/lab5/src_corpus/files/file_9.txt|DATE:2020-12-04|TIMESTAMP:17:16:18|ACCESSTYPE:2|ISACTIONDENIED:0|FINGERPRINT:0b867e53c1d233ce9fe49d54549a2323|
UID:1000|PATH:/home|DATE:2020-12-04|TIMESTAMP:17:16:18|ACCESSTYPE:2|ISACTIONDENIED:0|FINGERPRINT:3da6f05f6a07d66b7b77791942af7ce5|
UID:1000|PATH:/home/teo/Desktop/lab5/src_corpus/files/file_49.txt|DATE:2020-12-04|TIMESTAMP:17:16:18|ACCESSTYPE:0|ISACTIONDENIED:0|FINGERPRINT:d41d8cd98f00b204e9800998ecf8427e|
UID:1000|PATH:/home|DATE:2020-12-04|TIMESTAMP:17:16:18|ACCESSTYPE:2|ISACTIONDENIED:0|FINGERPRINT:a2b4dde52a520fdb9b69dd2542584d41|
UID:1000|PATH:/home/teo/Desktop/lab5/src_corpus/files/file_48.txt|DATE:2020-12-04|TIMESTAMP:17:16:18|ACCESSTYPE:0|ISACTIONDENIED:0|FINGERPRINT:d41d8cd98f00b204e9800998ecf8427e|
UID:1000|PATH:/home|DATE:2020-12-04|TIMESTAMP:17:16:18|ACCESSTYPE:2|ISACTIONDENIED:0|FINGERPRINT:af45b5da3be67b46869a45e1e57a979f|
UID:1000|PATH:/home/teo/Desktop/lab5/src_corpus/files/file_47.txt|DATE:2020-12-04|TIMESTAMP:17:16:18|ACCESSTYPE:0|ISACTIONDENIED:0|FINGERPRINT:d41d8cd98f00b204e9800998ecf8427e|
UID:1000|PATH:/home|DATE:2020-12-04|TIMESTAMP:17:16:18|ACCESSTYPE:2|ISACTIONDENIED:0|FINGERPRINT:5e5be33a89641e059a616e712a549b03|
UID:1000|PATH:/home/teo/Desktop/lab5/src_corpus/files/file_46.txt|DATE:2020-12-04|TIMESTAMP:17:16:18|ACCESSTYPE:0|ISACTIONDENIED:0|FINGERPRINT:d41d8cd98f00b204e9800998ecf8427e|
UID:1000|PATH:/home|DATE:2020-12-04|TIMESTAMP:17:16:18|ACCESSTYPE:2|ISACTIONDENIED:0|FINGERPRINT:8aa998c3c025088b28296d9fe82bc408|
UID:1000|PATH:/home/teo/Desktop/lab5/src_corpus/files/file_45.txt|DATE:2020-12-04|TIMESTAMP:17:16:18|ACCESSTYPE:0|ISACTIONDENIED:0|FINGERPRINT:d41d8cd98f00b204e9800998ecf8427e|
UID:1000|PATH:/home|DATE:2020-12-04|TIMESTAMP:17:16:18|ACCESSTYPE:2|ISACTIONDENIED:0|FINGERPRINT:61a2435bf643cf65bf09912f6af1179c|
UID:1000|PATH:/home/teo/Desktop/lab5/src_corpus/files/file_44.txt|DATE:2020-12-04|TIMESTAMP:17:16:18|ACCESSTYPE:0|ISACTIONDENIED:0|FINGERPRINT:d41d8cd98f00b204e9800998ecf8427e|
UID:1000|PATH:/home|DATE:2020-12-04|TIMESTAMP:17:16:18|ACCESSTYPE:2|ISACTIONDENIED:0|FINGERPRINT:c533ad73c09df845005a8d6ec5415830|
UID:1000|PATH:/home/teo/Desktop/lab5/src_corpus/files/file_43.txt|DATE:2020-12-04|TIMESTAMP:17:16:18|ACCESSTYPE:0|ISACTIONDENIED:0|FINGERPRINT:d41d8cd98f00b204e9800998ecf8427e|
UID:1000|PATH:/home|DATE:2020-12-04|TIMESTAMP:17:16:18|ACCESSTYPE:2|ISACTIONDENIED:0|FINGERPRINT:55702cb2d9bc78287c641a76349fcd4e|
UID:1000|PATH:/home/teo/Desktop/lab5/src_corpus/files/file_42.txt|DATE:2020-12-04|TIMESTAMP:17:16:18|ACCESSTYPE:0|ISACTIONDENIED:0|FINGERPRINT:d41d8cd98f00b204e9800998ecf8427e|
UID:1000|PATH:/home|DATE:2020-12-04|TIMESTAMP:17:16:18|ACCESSTYPE:2|ISACTIONDENIED:0|FINGERPRINT:9a3226e38df698ae3657ff4620c0700c|
UID:1000|PATH:/home/teo/Desktop/lab5/src_corpus/files/file_41.txt|DATE:2020-12-04|TIMESTAMP:17:16:18|ACCESSTYPE:0|ISACTIONDENIED:0|FINGERPRINT:d41d8cd98f00b204e9800998ecf8427e|
UID:1000|PATH:/home|DATE:2020-12-04|TIMESTAMP:17:16:18|ACCESSTYPE:2|ISACTIONDENIED:0|FINGERPRINT:335280d1d30bddabbe231b2cddd69797|
UID:1000|PATH:/home/teo/Desktop/lab5/src_corpus/files/file_40.txt|DATE:2020-12-04|TIMESTAMP:17:16:18|ACCESSTYPE:0|ISACTIONDENIED:0|FINGERPRINT:d41d8cd98f00b204e9800998ecf8427e|
UID:1000|PATH:/home|DATE:2020-12-04|TIMESTAMP:17:16:18|ACCESSTYPE:2|ISACTIONDENIED:0|FINGERPRINT:870f538243ce651e4c0d2be9a08766ba|
UID:1000|PATH:/home/teo/Desktop/lab5/src_corpus/files/file_39.txt|DATE:2020-12-04|TIMESTAMP:17:16:18|ACCESSTYPE:0|ISACTIONDENIED:0|FINGERPRINT:d41d8cd98f00b204e9800998ecf8427e|
UID:1000|PATH:/home|DATE:2020-12-04|TIMESTAMP:17:16:18|ACCESSTYPE:2|ISACTIONDENIED:0|FINGERPRINT:55f6fc26558ec068d60aa4de00662ca0|
UID:1000|PATH:/home/teo/Desktop/lab5/src_corpus/files/file_38.txt|DATE:2020-12-04|TIMESTAMP:17:16:18|ACCESSTYPE:0|ISACTIONDENIED:0|FINGERPRINT:d41d8cd98f00b204e9800998ecf8427e|
UID:1000|PATH:/home|DATE:2020-12-04|TIMESTAMP:17:16:18|ACCESSTYPE:2|ISACTIONDENIED:0|FINGERPRINT:26720ecfce6a6c0630b8c3e6ba109626|
UID:1000|PATH:/home/teo/Desktop/lab5/src_corpus/files/file_37.txt|DATE:2020-12-04|TIMESTAMP:17:16:18|ACCESSTYPE:0|ISACTIONDENIED:0|FINGERPRINT:d41d8cd98f00b204e9800998ecf8427e|
UID:1000|PATH:/home|DATE:2020-12-04|TIMESTAMP:17:16:18|ACCESSTYPE:2|ISACTIONDENIED:0|FINGERPRINT:a6b5a7089686d2f710d42a0650f39ee3|
UID:1000|PATH:/home/teo/Desktop/lab5/src_corpus/files/file_36.txt|DATE:2020-12-04|TIMESTAMP:17:16:18|ACCESSTYPE:0|ISACTIONDENIED:0|FINGERPRINT:d41d8cd98f00b204e9800998ecf8427e|
UID:1000|PATH:/home|DATE:2020-12-04|TIMESTAMP:17:16:18|ACCESSTYPE:2|ISACTIONDENIED:0|FINGERPRINT:fa9eecceed2ffda2f1ea6175d4930219|
UID:1000|PATH:/home/teo/Desktop/lab5/src_corpus/files/file_35.txt|DATE:2020-12-04|TIMESTAMP:17:16:18|ACCESSTYPE:0|ISACTIONDENIED:0|FINGERPRINT:d41d8cd98f00b204e9800998ecf8427e|
UID:1000|PATH:/home|DATE:2020-12-04|TIMESTAMP:17:16:18|ACCESSTYPE:2|ISACTIONDENIED:0|FINGERPRINT:5d2b79025580be989f9cf64d8a94cd74|
UID:1000|PATH:/home/teo/Desktop/lab5/src_corpus/files/file_34.txt|DATE:2020-12-04|TIMESTAMP:17:16:18|ACCESSTYPE:0|ISACTIONDENIED:0|FINGERPRINT:d41d8cd98f00b204e9800998ecf8427e|
UID:1000|PATH:/home|DATE:2020-12-04|TIMESTAMP:17:16:18|ACCESSTYPE:2|ISACTIONDENIED:0|FINGERPRINT:1f99114d0019e0b442f4b2f38ffef339|
UID:1000|PATH:/home/teo/Desktop/lab5/src_corpus/files/file_33.txt|DATE:2020-12-04|TIMESTAMP:17:16:18|ACCESSTYPE:0|ISACTIONDENIED:0|FINGERPRINT:d41d8cd98f00b204e9800998ecf8427e|
UID:1000|PATH:/home|DATE:2020-12-04|TIMESTAMP:17:16:18|ACCESSTYPE:2|ISACTIONDENIED:0|FINGERPRINT:879eff57755e0de08f990e4d3afbc5e4|
UID:1000|PATH:/home/teo/Desktop/lab5/src_corpus/files/file_32.txt|DATE:2020-12-04|TIMESTAMP:17:16:18|ACCESSTYPE:0|ISACTIONDENIED:0|FINGERPRINT:d41d8cd98f00b204e9800998ecf8427e|
UID:1000|PATH:/home|DATE:2020-12-04|TIMESTAMP:17:16:18|ACCESSTYPE:2|ISACTIONDENIED:0|FINGERPRINT:d861c8679f7fc3e87d02f44417ab2b60|
UID:1000|PATH:/home/teo/Desktop/lab5/src_corpus/files/file_31.txt|DATE:2020-12-04|TIMESTAMP:17:16:18|ACCESSTYPE:0|ISACTIONDENIED:0|FINGERPRINT:d41d8cd98f00b204e9800998ecf8427e|
UID:1000|PATH:/home|DATE:2020-12-04|TIMESTAMP:17:16:18|ACCESSTYPE:2|ISACTIONDENIED:0|FINGERPRINT:267aaddd0bd9bdab89f4deca715e0b13|
UID:1000|PATH:/home/teo/Desktop/lab5/src_corpus/files/file_30.txt|DATE:2020-12-04|TIMESTAMP:17:16:18|ACCESSTYPE:0|ISACTIONDENIED:0|FINGERPRINT:d41d8cd98f00b204e9800998ecf8427e|
UID:1000|PATH:/home|DATE:2020-12-04|TIMESTAMP:17:16:18|ACCESSTYPE:2|ISACTIONDENIED:0|FINGERPRINT:3e9413b8d4652545ae2bbc5b12705993|
UID:1000|PATH:/home/teo/Desktop/lab5/src_corpus/files/file_29.txt|DATE:2020-12-04|TIMESTAMP:17:16:18|ACCESSTYPE:0|ISACTIONDENIED:0|FINGERPRINT:d41d8cd98f00b204e9800998ecf8427e|
UID:1000|PATH:/home|DATE:2020-12-04|TIMESTAMP:17:16:18|ACCESSTYPE:2|ISACTIONDENIED:0|FINGERPRINT:9cbbb1f8500d88703be396e44aebf116|
UID:1000|PATH:/home/teo/Desktop/lab5/src_corpus/files/file_28.txt|DATE:2020-12-04|TIMESTAMP:17:16:18|ACCESSTYPE:0|ISACTIONDENIED:0|FINGERPRINT:d41d8cd98f00b204e9800998ecf8427e|
UID:1000|PATH:/home|DATE:2020-12-04|TIMESTAMP:17:16:18|ACCESSTYPE:2|ISACTIONDENIED:0|FINGERPRINT:7b6b5227eb0fd10fccab2cfb4285f34e|
UID:1000|PATH:/home/teo/Desktop/lab5/src_corpus/files/file_27.txt|DATE:2020-12-04|TIMESTAMP:17:16:18|ACCESSTYPE:0|ISACTIONDENIED:0|FINGERPRINT:d41d8cd98f00b204e9800998ecf8427e|
UID:1000|PATH:/home|DATE:2020-12-04|TIMESTAMP:17:16:18|ACCESSTYPE:2|ISACTIONDENIED:0|FINGERPRINT:0106f3a4c48551bec3060cbfc0f9136f|
UID:1000|PATH:/home/teo/Desktop/lab5/src_corpus/files/file_26.txt|DATE:2020-12-04|TIMESTAMP:17:16:18|ACCESSTYPE:0|ISACTIONDENIED:0|FINGERPRINT:d41d8cd98f00b204e9800998ecf8427e|
UID:1000|PATH:/home|DATE:2020-12-04|TIMESTAMP:17:16:18|ACCESSTYPE:2|ISACTIONDENIED:0|FINGERPRINT:b21caf0f33b63a070b6cfe9ed43639e8|
UID:1000|PATH:/home/teo/Desktop/lab5/src_corpus/files/file_25.txt|DATE:2020-12-04|TIMESTAMP:17:16:18|ACCESSTYPE:0|ISACTIONDENIED:0|FINGERPRINT:d41d8cd98f00b204e9800998ecf8427e|
UID:1000|PATH:/home|DATE:2020-12-04|TIMESTAMP:17:16:18|ACCESSTYPE:2|ISACTIONDENIED:0|FINGERPRINT:98f230a813f749427d2311f632716604|
UID:1000|PATH:/home/teo/Desktop/lab5/src_corpus/files/file_24.txt|DATE:2020-12-04|TIMESTAMP:17:16:18|ACCESSTYPE:0|ISACTIONDENIED:0|FINGERPRINT:d41d8cd98f00b204e9800998ecf8427e|
UID:1000|PATH:/home|DATE:2020-12-04|TIMESTAMP:17:16:18|ACCESSTYPE:2|ISACTIONDENIED:0|FINGERPRINT:74caf4799c1316e64eaf387db4d402f6|
UID:1000|PATH:/home/teo/Desktop/lab5/src_corpus/files/file_23.txt|DATE:2020-12-04|TIMESTAMP:17:16:18|ACCESSTYPE:0|ISACTIONDENIED:0|FINGERPRINT:d41d8cd98f00b204e9800998ecf8427e|
UID:1000|PATH:/home|DATE:2020-12-04|TIMESTAMP:17:16:18|ACCESSTYPE:2|ISACTIONDENIED:0|FINGERPRINT:f0ea9ba1a9082e29fdac1aea5815f940|
UID:1000|PATH:/home/teo/Desktop/lab5/src_corpus/files/file_22.txt|DATE:2020-12-04|TIMESTAMP:17:16:18|ACCESSTYPE:0|ISACTIONDENIED:0|FINGERPRINT:d41d8cd98f00b204e9800998ecf8427e|
UID:1000|PATH:/home|DATE:2020-12-04|TIMESTAMP:17:16:18|ACCESSTYPE:2|ISACTIONDENIED:0|FINGERPRINT:ff9075abb926ba68fa06860009943e04|
UID:1000|PATH:/home/teo/Desktop/lab5/src_corpus/files/file_21.txt|DATE:2020-12-04|TIMESTAMP:17:16:18|ACCESSTYPE:0|ISACTIONDENIED:0|FINGERPRINT:d41d8cd98f00b204e9800998ecf8427e|
UID:1000|PATH:/home|DATE:2020-12-04|TIMESTAMP:17:16:18|ACCESSTYPE:2|ISACTIONDENIED:0|FINGERPRINT:d9983735bca42a3806ff749e4c89ba9e|
UID:1000|PATH:/home/teo/Desktop/lab5/src_corpus/files/file_20.txt|DATE:2020-12-04|TIMESTAMP:17:16:18|ACCESSTYPE:0|ISACTIONDENIED:0|FINGERPRINT:d41d8cd98f00b204e9800998ecf8427e|
UID:1000|PATH:/home|DATE:2020-12-04|TIMESTAMP:17:16:18|ACCESSTYPE:2|ISACTIONDENIED:0|FINGERPRINT:054234f392e1add4798b3d13628c7b03|
UID:1000|PATH:/home/teo/Desktop/lab5/src_corpus/files/file_19.txt|DATE:2020-12-04|TIMESTAMP:17:16:18|ACCESSTYPE:0|ISACTIONDENIED:0|FINGERPRINT:d41d8cd98f00b204e9800998ecf8427e|
UID:1000|PATH:/home|DATE:2020-12-04|TIMESTAMP:17:16:18|ACCESSTYPE:2|ISACTIONDENIED:0|FINGERPRINT:e00c8c5f427707671b3d62601ebda04b|
UID:1000|PATH:/home/teo/Desktop/lab5/src_corpus/files/file_18.txt|DATE:2020-12-04|TIMESTAMP:17:16:18|ACCESSTYPE:0|ISACTIONDENIED:0|FINGERPRINT:d41d8cd98f00b204e9800998ecf8427e|
UID:1000|PATH:/home|DATE:2020-12-04|TIMESTAMP:17:16:18|ACCESSTYPE:2|ISACTIONDENIED:0|FINGERPRINT:9e3387998bc37a5aa985ce4cc0657a1c|
UID:1000|PATH:/home/teo/Desktop/lab5/src_corpus/files/file_17.txt|DATE:2020-12-04|TIMESTAMP:17:16:18|ACCESSTYPE:0|ISACTIONDENIED:0|FINGERPRINT:d41d8cd98f00b204e9800998ecf8427e|
UID:1000|PATH:/home|DATE:2020-12-04|TIMESTAMP:17:16:18|ACCESSTYPE:2|ISACTIONDENIED:0|FINGERPRINT:f33c2f61271131d939cfc84128af74fd|
UID:1000|PATH:/home/teo/Desktop/lab5/src_corpus/files/file_16.txt|DATE:2020-12-04|TIMESTAMP:17:16:18|ACCESSTYPE:0|ISACTIONDENIED:0|FINGERPRINT:d41d8cd98f00b204e9800998ecf8427e|
UID:1000|PATH:/home|DATE:2020-12-04|TIMESTAMP:17:16:18|ACCESSTYPE:2|ISACTIONDENIED:0|FINGERPRINT:030f3111b3988e65d6501529ba224ff3|
UID:1000|PATH:/home/teo/Desktop/lab5/src_corpus/files/file_15.txt|DATE:2020-12-04|TIMESTAMP:17:16:18|ACCESSTYPE:0|ISACTIONDENIED:0|FINGERPRINT:d41d8cd98f00b204e9800998ecf8427e|
UID:1000|PATH:/home|DATE:2020-12-04|TIMESTAMP:17:16:18|ACCESSTYPE:2|ISACTIONDENIED:0|FINGERPRINT:9d63fcec09ce2f67ecbee88c65b0211c|
UID:1000|PATH:/home/teo/Desktop/lab5/src_corpus/files/file_14.txt|DATE:2020-12-04|TIMESTAMP:17:16:18|ACCESSTYPE:0|ISACTIONDENIED:0|FINGERPRINT:d41d8cd98f00b204e9800998ecf8427e|
UID:1000|PATH:/home|DATE:2020-12-04|TIMESTAMP:17:16:18|ACCESSTYPE:2|ISACTIONDENIED:0|FINGERPRINT:7f759525daa4e3dcc9ee797f68ecb4cd|
UID:1000|PATH:/home/teo/Desktop/lab5/src_corpus/files/file_13.txt|DATE:2020-12-04|TIMESTAMP:17:16:18|ACCESSTYPE:0|ISACTIONDENIED:0|FINGERPRINT:d41d8cd98f00b204e9800998ecf8427e|
UID:1000|PATH:/home|DATE:2020-12-04|TIMESTAMP:17:16:18|ACCESSTYPE:2|ISACTIONDENIED:0|FINGERPRINT:dc4fea19046be12ad58bffd017a3f3e8|
UID:1000|PATH:/home/teo/Desktop/lab5/src_corpus/files/file_12.txt|DATE:2020-12-04|TIMESTAMP:17:16:18|ACCESSTYPE:0|ISACTIONDENIED:0|FINGERPRINT:d41d8cd98f00b204e9800998ecf8427e|
UID:1000|PATH:/home|DATE:2020-12-04|TIMESTAMP:17:16:18|ACCESSTYPE:2|ISACTIONDENIED:0|FINGERPRINT:7a3927b8cd2412b5670db110d4512e94|
UID:1000|PATH:/home/teo/Desktop/lab5/src_corpus/files/file_11.txt|DATE:2020-12-04|TIMESTAMP:17:16:18|ACCESSTYPE:0|ISACTIONDENIED:0|FINGERPRINT:d41d8cd98f00b204e9800998ecf8427e|
UID:1000|PATH:/home|DATE:2020-12-04|TIMESTAMP:17:16:18|ACCESSTYPE:2|ISACTIONDENIED:0|FINGERPRINT:8c46de5cf2d8fb8c71cd1b465c0f66c2|
UID:1000|PATH:/home/teo/Desktop/lab5/src_corpus/files/file_10.txt|DATE:2020-12-04|TIMESTAMP:17:16:18|ACCESSTYPE:0|ISACTIONDENIED:0|FINGERPRINT:d41d8cd98f00b204e9800998ecf8427e|
UID:1000|PATH:/home|DATE:2020-12-04|TIMESTAMP:17:16:18|ACCESSTYPE:2|ISACTIONDENIED:0|FINGERPRINT:707b8ef6066d2377162565a7aabb5c11|
UID:1000|PATH:/home/teo/Desktop/lab5/src_corpus/files/file_9.txt|DATE:2020-12-04|TIMESTAMP:17:16:18|ACCESSTYPE:0|ISACTIONDENIED:0|FINGERPRINT:d41d8cd98f00b204e9800998ecf8427e|
UID:1000|PATH:/home|DATE:2020-12-04|TIMESTAMP:17:16:18|ACCESSTYPE:2|ISACTIONDENIED:0|FINGERPRINT:6e91150148316739d1c61b228d643776|
UID:1000|PATH:/home/teo/Desktop/lab5/src_corpus/files/file_8.txt|DATE:2020-12-04|TIMESTAMP:17:16:18|ACCESSTYPE:0|ISACTIONDENIED:0|FINGERPRINT:d41d8cd98f00b204e9800998ecf8427e|
UID:1000|PATH:/home|DATE:2020-12-04|TIMESTAMP:17:16:18|ACCESSTYPE:2|ISACTIONDENIED:0|FINGERPRINT:a468780abc508b6f6f94e112545797e9|
UID:1000|PATH:/home/teo/Desktop/lab5/src_corpus/files/file_7.txt|DATE:2020-12-04|TIMESTAMP:17:16:18|ACCESSTYPE:0|ISACTIONDENIED:0|FINGERPRINT:d41d8cd98f00b204e9800998ecf8427e|
UID:1000|PATH:/home|DATE:2020-12-04|TIMESTAMP:17:16:18|ACCESSTYPE:2|ISACTIONDENIED:0|FINGERPRINT:e3957592f6bb1fa15c0753573f1421fc|
UID:1000|PATH:/home/teo/Desktop/lab5/src_corpus/files/file_6.txt|DATE:2020-12-04|TIMESTAMP:17:16:18|ACCESSTYPE:0|ISACTIONDENIED:0|FINGERPRINT:d41d8cd98f00b204e9800998ecf8427e|
UID:1000|PATH:/home|DATE:2020-12-04|TIMESTAMP:17:16:18|ACCESSTYPE:2|ISACTIONDENIED:0|FINGERPRINT:226326c97ad35cf9954ae3c39f5aa9b5|
UID:1000|PATH:/home/teo/Desktop/lab5/src_corpus/files/file_5.txt|DATE:2020-12-04|TIMESTAMP:17:16:18|ACCESSTYPE:0|ISACTIONDENIED:0|FINGERPRINT:d41d8cd98f00b204e9800998ecf8427e|
UID:1000|PATH:/home|DATE:2020-12-04|TIMESTAMP:17:16:18|ACCESSTYPE:2|ISACTIONDENIED:0|FINGERPRINT:2c60e4b7de9c2af93886a3e24a0865ba|
UID:1000|PATH:/home/teo/Desktop/lab5/src_corpus/files/file_4.txt|DATE:2020-12-04|TIMESTAMP:17:16:18|ACCESSTYPE:0|ISACTIONDENIED:0|FINGERPRINT:d41d8cd98f00b204e9800998ecf8427e|
UID:1000|PATH:/home|DATE:2020-12-04|TIMESTAMP:17:16:18|ACCESSTYPE:2|ISACTIONDENIED:0|FINGERPRINT:a86eaca88601687ad695fe85a6ffd8c1|
UID:1000|PATH:/home/teo/Desktop/lab5/src_corpus/files/file_3.txt|DATE:2020-12-04|TIMESTAMP:17:16:18|ACCESSTYPE:0|ISACTIONDENIED:0|FINGERPRINT:d41d8cd98f00b204e9800998ecf8427e|
UID:1000|PATH:/home|DATE:2020-12-04|TIMESTAMP:17:16:18|ACCESSTYPE:2|ISACTIONDENIED:0|FINGERPRINT:1424160f477c7b76dea4e1d0c38e7926|
UID:1000|PATH:/home/teo/Desktop/lab5/src_corpus/files/file_2.txt|DATE:2020-12-04|TIMESTAMP:17:16:18|ACCESSTYPE:0|ISACTIONDENIED:0|FINGERPRINT:d41d8cd98f00b204e9800998ecf8427e|
UID:1000|PATH:/home|DATE:2020-12-04|TIMESTAMP:17:16:18|ACCESSTYPE:2|ISACTIONDENIED:0|FINGERPRINT:218341c6d3e2bcfd2460b1dc6b3df582|
UID:1000|PATH:/home/teo/Desktop/lab5/src_corpus/files/file_1.txt|DATE:2020-12-04|TIMESTAMP:17:16:18|ACCESSTYPE:0|ISACTIONDENIED:0|FINGERPRINT:d41d8cd98f00b204e9800998ecf8427e|
UID:1000|PATH:/home|DATE:2020-12-04|TIMESTAMP:17:16:18|ACCESSTYPE:2|ISACTIONDENIED:0|FINGERPRINT:643b1f2f4a84dbc084dd975c225a9f0f|
UID:1000|PATH:/home/teo/Desktop/lab5/src_corpus/files/file_0.txt|DATE:2020-12-04|TIMESTAMP:17:16:18|ACCESSTYPE:0|ISACTIONDENIED:0|FINGERPRINT:d41d8cd98f00b204e9800998ecf8427e|
